000 (1205.110.000) 01/12 11:00:40 Job submitted from host: <134.75.123.129:9618?addrs=134.75.123.129-9618&noUDP&sock=11516_98bb_3>
...
001 (1205.110.000) 01/12 11:00:59 Job executing on host: <134.75.123.137:9618?addrs=134.75.123.137-9618&noUDP&sock=12495_1bf3_3>
...
006 (1205.110.000) 01/12 11:01:07 Image size of job updated: 341120
	334  -  MemoryUsage of job (MB)
	341120  -  ResidentSetSize of job (KB)
...
006 (1205.110.000) 01/12 11:01:21 Image size of job updated: 1256932
	334  -  MemoryUsage of job (MB)
	341124  -  ResidentSetSize of job (KB)
...
004 (1205.110.000) 01/12 11:01:21 Job was evicted.
	(0) Job was not checkpointed.
		Usr 0 00:00:16, Sys 0 00:00:04  -  Run Remote Usage
		Usr 0 00:00:00, Sys 0 00:00:00  -  Run Local Usage
	0  -  Run Bytes Sent By Job
	44616148  -  Run Bytes Received By Job
	Partitionable Resources :    Usage  Request Allocated 
	   Cpus                 :     0.98        1         1 
	   Disk (KB)            : 43587       45000    313937 
	   Memory (MB)          :   334        3072      3072 
...
009 (1205.110.000) 01/12 11:01:22 Job was aborted by the user.
	via condor_rm (by user tikim98)
...
