000 (1205.149.000) 01/12 11:00:40 Job submitted from host: <134.75.123.129:9618?addrs=134.75.123.129-9618&noUDP&sock=11516_98bb_3>
...
001 (1205.149.000) 01/12 11:01:01 Job executing on host: <134.75.123.133:9618?addrs=134.75.123.133-9618&noUDP&sock=12426_c7ea_3>
...
006 (1205.149.000) 01/12 11:01:10 Image size of job updated: 322268
	315  -  MemoryUsage of job (MB)
	322256  -  ResidentSetSize of job (KB)
...
006 (1205.149.000) 01/12 11:01:22 Image size of job updated: 338092
	331  -  MemoryUsage of job (MB)
	338092  -  ResidentSetSize of job (KB)
...
004 (1205.149.000) 01/12 11:01:22 Job was evicted.
	(0) Job was not checkpointed.
		Usr 0 00:00:14, Sys 0 00:00:04  -  Run Remote Usage
		Usr 0 00:00:00, Sys 0 00:00:00  -  Run Local Usage
	0  -  Run Bytes Sent By Job
	44616148  -  Run Bytes Received By Job
	Partitionable Resources :    Usage  Request Allocated 
	   Cpus                 :     0.98        1         1 
	   Disk (KB)            : 43588       45000    313936 
	   Memory (MB)          :   331        3072      3072 
...
009 (1205.149.000) 01/12 11:01:24 Job was aborted by the user.
	via condor_rm (by user tikim98)
...
