000 (1205.155.000) 01/12 11:00:40 Job submitted from host: <134.75.123.129:9618?addrs=134.75.123.129-9618&noUDP&sock=11516_98bb_3>
...
001 (1205.155.000) 01/12 11:01:02 Job executing on host: <134.75.123.136:9618?addrs=134.75.123.136-9618&noUDP&sock=12698_59ad_3>
...
006 (1205.155.000) 01/12 11:01:10 Image size of job updated: 286960
	281  -  MemoryUsage of job (MB)
	286956  -  ResidentSetSize of job (KB)
...
006 (1205.155.000) 01/12 11:01:22 Image size of job updated: 542672
	530  -  MemoryUsage of job (MB)
	542672  -  ResidentSetSize of job (KB)
...
004 (1205.155.000) 01/12 11:01:22 Job was evicted.
	(0) Job was not checkpointed.
		Usr 0 00:00:13, Sys 0 00:00:04  -  Run Remote Usage
		Usr 0 00:00:00, Sys 0 00:00:00  -  Run Local Usage
	0  -  Run Bytes Sent By Job
	44616148  -  Run Bytes Received By Job
	Partitionable Resources :    Usage  Request Allocated 
	   Cpus                 :     0.94        1         1 
	   Disk (KB)            : 43588       45000    313938 
	   Memory (MB)          :   530        3072      3072 
...
009 (1205.155.000) 01/12 11:01:24 Job was aborted by the user.
	via condor_rm (by user tikim98)
...
