000 (1205.160.000) 01/12 11:00:40 Job submitted from host: <134.75.123.129:9618?addrs=134.75.123.129-9618&noUDP&sock=11516_98bb_3>
...
001 (1205.160.000) 01/12 11:01:02 Job executing on host: <134.75.123.138:9618?addrs=134.75.123.138-9618&noUDP&sock=12485_4001_3>
...
006 (1205.160.000) 01/12 11:01:10 Image size of job updated: 267656
	262  -  MemoryUsage of job (MB)
	267644  -  ResidentSetSize of job (KB)
...
006 (1205.160.000) 01/12 11:01:23 Image size of job updated: 512940
	501  -  MemoryUsage of job (MB)
	512940  -  ResidentSetSize of job (KB)
...
004 (1205.160.000) 01/12 11:01:23 Job was evicted.
	(0) Job was not checkpointed.
		Usr 0 00:00:15, Sys 0 00:00:03  -  Run Remote Usage
		Usr 0 00:00:00, Sys 0 00:00:00  -  Run Local Usage
	0  -  Run Bytes Sent By Job
	44616148  -  Run Bytes Received By Job
	Partitionable Resources :    Usage  Request Allocated 
	   Cpus                 :     0.98        1         1 
	   Disk (KB)            : 43587       45000    313937 
	   Memory (MB)          :   501        3072      3072 
...
009 (1205.160.000) 01/12 11:01:24 Job was aborted by the user.
	via condor_rm (by user tikim98)
...
