000 (1205.172.000) 01/12 11:00:40 Job submitted from host: <134.75.123.129:9618?addrs=134.75.123.129-9618&noUDP&sock=11516_98bb_3>
...
001 (1205.172.000) 01/12 11:01:04 Job executing on host: <134.75.123.129:9618?addrs=134.75.123.129-9618&noUDP&sock=11516_98bb_5>
...
006 (1205.172.000) 01/12 11:01:14 Image size of job updated: 249904
	245  -  MemoryUsage of job (MB)
	249904  -  ResidentSetSize of job (KB)
...
006 (1205.172.000) 01/12 11:01:25 Image size of job updated: 1071036
	245  -  MemoryUsage of job (MB)
	249904  -  ResidentSetSize of job (KB)
...
004 (1205.172.000) 01/12 11:01:25 Job was evicted.
	(0) Job was not checkpointed.
		Usr 0 00:00:12, Sys 0 00:00:04  -  Run Remote Usage
		Usr 0 00:00:00, Sys 0 00:00:00  -  Run Local Usage
	0  -  Run Bytes Sent By Job
	44616148  -  Run Bytes Received By Job
	Partitionable Resources :    Usage  Request Allocated 
	   Cpus                 :     0.97        1         1 
	   Disk (KB)            : 43587       45000    258912 
	   Memory (MB)          :   245        3072      3072 
...
009 (1205.172.000) 01/12 11:01:26 Job was aborted by the user.
	via condor_rm (by user tikim98)
...
