000 (1205.173.000) 01/12 11:00:40 Job submitted from host: <134.75.123.129:9618?addrs=134.75.123.129-9618&noUDP&sock=11516_98bb_3>
...
001 (1205.173.000) 01/12 11:01:04 Job executing on host: <134.75.123.135:9618?addrs=134.75.123.135-9618&noUDP&sock=12502_e91d_3>
...
006 (1205.173.000) 01/12 11:01:13 Image size of job updated: 272360
	266  -  MemoryUsage of job (MB)
	272304  -  ResidentSetSize of job (KB)
...
006 (1205.173.000) 01/12 11:01:24 Image size of job updated: 1104696
	266  -  MemoryUsage of job (MB)
	272304  -  ResidentSetSize of job (KB)
...
004 (1205.173.000) 01/12 11:01:24 Job was evicted.
	(0) Job was not checkpointed.
		Usr 0 00:00:13, Sys 0 00:00:04  -  Run Remote Usage
		Usr 0 00:00:00, Sys 0 00:00:00  -  Run Local Usage
	0  -  Run Bytes Sent By Job
	44616148  -  Run Bytes Received By Job
	Partitionable Resources :    Usage  Request Allocated 
	   Cpus                 :     0.97        1         1 
	   Disk (KB)            : 43587       45000    313936 
	   Memory (MB)          :   266        3072      3072 
...
009 (1205.173.000) 01/12 11:01:25 Job was aborted by the user.
	via condor_rm (by user tikim98)
...
