000 (1205.232.000) 01/12 11:00:41 Job submitted from host: <134.75.123.129:9618?addrs=134.75.123.129-9618&noUDP&sock=11516_98bb_3>
...
001 (1205.232.000) 01/12 11:01:09 Job executing on host: <134.75.123.133:9618?addrs=134.75.123.133-9618&noUDP&sock=12426_c7ea_3>
...
006 (1205.232.000) 01/12 11:01:17 Image size of job updated: 225980
	221  -  MemoryUsage of job (MB)
	225920  -  ResidentSetSize of job (KB)
...
006 (1205.232.000) 01/12 11:01:24 Image size of job updated: 261760
	256  -  MemoryUsage of job (MB)
	261724  -  ResidentSetSize of job (KB)
...
004 (1205.232.000) 01/12 11:01:24 Job was evicted.
	(0) Job was not checkpointed.
		Usr 0 00:00:08, Sys 0 00:00:04  -  Run Remote Usage
		Usr 0 00:00:00, Sys 0 00:00:00  -  Run Local Usage
	0  -  Run Bytes Sent By Job
	44616148  -  Run Bytes Received By Job
	Partitionable Resources :    Usage  Request Allocated 
	   Cpus                 :     0.96        1         1 
	   Disk (KB)            : 43587       45000    313936 
	   Memory (MB)          :   256        3072      3072 
...
009 (1205.232.000) 01/12 11:01:25 Job was aborted by the user.
	via condor_rm (by user tikim98)
...
