000 (1205.244.000) 01/12 11:00:41 Job submitted from host: <134.75.123.129:9618?addrs=134.75.123.129-9618&noUDP&sock=11516_98bb_3>
...
001 (1205.244.000) 01/12 11:01:10 Job executing on host: <134.75.123.137:9618?addrs=134.75.123.137-9618&noUDP&sock=12495_1bf3_3>
...
006 (1205.244.000) 01/12 11:01:19 Image size of job updated: 215816
	211  -  MemoryUsage of job (MB)
	215752  -  ResidentSetSize of job (KB)
...
006 (1205.244.000) 01/12 11:01:25 Image size of job updated: 982644
	212  -  MemoryUsage of job (MB)
	216304  -  ResidentSetSize of job (KB)
...
004 (1205.244.000) 01/12 11:01:25 Job was evicted.
	(0) Job was not checkpointed.
		Usr 0 00:00:07, Sys 0 00:00:03  -  Run Remote Usage
		Usr 0 00:00:00, Sys 0 00:00:00  -  Run Local Usage
	0  -  Run Bytes Sent By Job
	44616148  -  Run Bytes Received By Job
	Partitionable Resources :    Usage  Request Allocated 
	   Cpus                 :     0.97        1         1 
	   Disk (KB)            : 43587       45000    313937 
	   Memory (MB)          :   212        3072      3072 
...
009 (1205.244.000) 01/12 11:01:27 Job was aborted by the user.
	via condor_rm (by user tikim98)
...
