000 (1205.266.000) 01/12 11:00:41 Job submitted from host: <134.75.123.129:9618?addrs=134.75.123.129-9618&noUDP&sock=11516_98bb_3>
...
001 (1205.266.000) 01/12 11:01:11 Job executing on host: <134.75.123.134:9618?addrs=134.75.123.134-9618&noUDP&sock=6323_a16b_3>
...
006 (1205.266.000) 01/12 11:01:20 Image size of job updated: 227676
	223  -  MemoryUsage of job (MB)
	227608  -  ResidentSetSize of job (KB)
...
006 (1205.266.000) 01/12 11:01:24 Image size of job updated: 988968
	223  -  MemoryUsage of job (MB)
	227780  -  ResidentSetSize of job (KB)
...
004 (1205.266.000) 01/12 11:01:24 Job was evicted.
	(0) Job was not checkpointed.
		Usr 0 00:00:07, Sys 0 00:00:03  -  Run Remote Usage
		Usr 0 00:00:00, Sys 0 00:00:00  -  Run Local Usage
	0  -  Run Bytes Sent By Job
	44616148  -  Run Bytes Received By Job
	Partitionable Resources :    Usage  Request Allocated 
	   Cpus                 :     1.00        1         1 
	   Disk (KB)            : 43587       45000    313921 
	   Memory (MB)          :   223        3072      3072 
...
009 (1205.266.000) 01/12 11:01:26 Job was aborted by the user.
	via condor_rm (by user tikim98)
...
