000 (1205.288.000) 01/12 11:00:41 Job submitted from host: <134.75.123.129:9618?addrs=134.75.123.129-9618&noUDP&sock=11516_98bb_3>
...
001 (1205.288.000) 01/12 11:01:15 Job executing on host: <134.75.123.133:9618?addrs=134.75.123.133-9618&noUDP&sock=12426_c7ea_3>
...
006 (1205.288.000) 01/12 11:01:25 Image size of job updated: 247080
	240  -  MemoryUsage of job (MB)
	245336  -  ResidentSetSize of job (KB)
...
006 (1205.288.000) 01/12 11:01:25 Image size of job updated: 247080
	258  -  MemoryUsage of job (MB)
	263336  -  ResidentSetSize of job (KB)
...
004 (1205.288.000) 01/12 11:01:25 Job was evicted.
	(0) Job was not checkpointed.
		Usr 0 00:00:04, Sys 0 00:00:03  -  Run Remote Usage
		Usr 0 00:00:00, Sys 0 00:00:00  -  Run Local Usage
	0  -  Run Bytes Sent By Job
	44616148  -  Run Bytes Received By Job
	Partitionable Resources :    Usage  Request Allocated 
	   Cpus                 :     0.98        1         1 
	   Disk (KB)            : 43587       45000    313936 
	   Memory (MB)          :   258        3072      3072 
...
009 (1205.288.000) 01/12 11:01:28 Job was aborted by the user.
	via condor_rm (by user tikim98)
...
