000 (1205.003.000) 01/12 11:00:40 Job submitted from host: <134.75.123.129:9618?addrs=134.75.123.129-9618&noUDP&sock=11516_98bb_3>
...
001 (1205.003.000) 01/12 11:00:50 Job executing on host: <134.75.123.132:9618?addrs=134.75.123.132-9618&noUDP&sock=12436_a3dd_3>
...
006 (1205.003.000) 01/12 11:00:59 Image size of job updated: 380020
	371  -  MemoryUsage of job (MB)
	379840  -  ResidentSetSize of job (KB)
...
006 (1205.003.000) 01/12 11:01:17 Image size of job updated: 746628
	730  -  MemoryUsage of job (MB)
	746528  -  ResidentSetSize of job (KB)
...
004 (1205.003.000) 01/12 11:01:17 Job was evicted.
	(0) Job was not checkpointed.
		Usr 0 00:00:15, Sys 0 00:00:06  -  Run Remote Usage
		Usr 0 00:00:00, Sys 0 00:00:00  -  Run Local Usage
	0  -  Run Bytes Sent By Job
	44616148  -  Run Bytes Received By Job
	Partitionable Resources :    Usage  Request Allocated 
	   Cpus                 :     0.98        1         1 
	   Disk (KB)            : 43588       45000    313937 
	   Memory (MB)          :   730        3072      3072 
...
009 (1205.003.000) 01/12 11:01:17 Job was aborted by the user.
	via condor_rm (by user tikim98)
...
