000 (1205.051.000) 01/12 11:00:40 Job submitted from host: <134.75.123.129:9618?addrs=134.75.123.129-9618&noUDP&sock=11516_98bb_3>
...
001 (1205.051.000) 01/12 11:00:54 Job executing on host: <134.75.123.134:9618?addrs=134.75.123.134-9618&noUDP&sock=6323_a16b_3>
...
006 (1205.051.000) 01/12 11:01:03 Image size of job updated: 466228
	456  -  MemoryUsage of job (MB)
	466136  -  ResidentSetSize of job (KB)
...
006 (1205.051.000) 01/12 11:01:19 Image size of job updated: 832604
	814  -  MemoryUsage of job (MB)
	832604  -  ResidentSetSize of job (KB)
...
004 (1205.051.000) 01/12 11:01:19 Job was evicted.
	(0) Job was not checkpointed.
		Usr 0 00:00:19, Sys 0 00:00:04  -  Run Remote Usage
		Usr 0 00:00:00, Sys 0 00:00:00  -  Run Local Usage
	0  -  Run Bytes Sent By Job
	44616148  -  Run Bytes Received By Job
	Partitionable Resources :    Usage  Request Allocated 
	   Cpus                 :     0.97        1         1 
	   Disk (KB)            : 43587       45000    313921 
	   Memory (MB)          :   814        3072      3072 
...
009 (1205.051.000) 01/12 11:01:20 Job was aborted by the user.
	via condor_rm (by user tikim98)
...
