000 (1205.057.000) 01/12 11:00:40 Job submitted from host: <134.75.123.129:9618?addrs=134.75.123.129-9618&noUDP&sock=11516_98bb_3>
...
001 (1205.057.000) 01/12 11:00:54 Job executing on host: <134.75.123.138:9618?addrs=134.75.123.138-9618&noUDP&sock=12485_4001_3>
...
006 (1205.057.000) 01/12 11:01:03 Image size of job updated: 117412
	115  -  MemoryUsage of job (MB)
	117404  -  ResidentSetSize of job (KB)
...
006 (1205.057.000) 01/12 11:01:19 Image size of job updated: 361352
	353  -  MemoryUsage of job (MB)
	361352  -  ResidentSetSize of job (KB)
...
004 (1205.057.000) 01/12 11:01:19 Job was evicted.
	(0) Job was not checkpointed.
		Usr 0 00:00:13, Sys 0 00:00:05  -  Run Remote Usage
		Usr 0 00:00:00, Sys 0 00:00:00  -  Run Local Usage
	0  -  Run Bytes Sent By Job
	44616148  -  Run Bytes Received By Job
	Partitionable Resources :    Usage  Request Allocated 
	   Cpus                 :     1.00        1         1 
	   Disk (KB)            : 43587       45000    313937 
	   Memory (MB)          :   353        3072      3072 
...
009 (1205.057.000) 01/12 11:01:20 Job was aborted by the user.
	via condor_rm (by user tikim98)
...
