starting submit for 70 GeV e- and the output will be e_70GeV_51th.root

Submitting job(s)....................................................................................................................................................................................................................................................................................................................................................................................................................................................................................................................
500 job(s) submitted to cluster 1202.
Simulation is done
preparing analysis
hadd Target file: e_70GeV_51th.root
hadd compression setting for all output: 1
hadd Source file 1: ./e_70GeV_51th_0.root
hadd Source file 2: ./e_70GeV_51th_100.root
hadd Source file 3: ./e_70GeV_51th_101.root
hadd Source file 4: ./e_70GeV_51th_102.root
hadd Source file 5: ./e_70GeV_51th_103.root
hadd Source file 6: ./e_70GeV_51th_104.root
hadd Source file 7: ./e_70GeV_51th_105.root
hadd Source file 8: ./e_70GeV_51th_106.root
hadd Source file 9: ./e_70GeV_51th_107.root
hadd Source file 10: ./e_70GeV_51th_108.root
hadd Source file 11: ./e_70GeV_51th_109.root
hadd Source file 12: ./e_70GeV_51th_10.root
hadd Source file 13: ./e_70GeV_51th_110.root
hadd Source file 14: ./e_70GeV_51th_111.root
hadd Source file 15: ./e_70GeV_51th_112.root
hadd Source file 16: ./e_70GeV_51th_113.root
hadd Source file 17: ./e_70GeV_51th_114.root
hadd Source file 18: ./e_70GeV_51th_115.root
hadd Source file 19: ./e_70GeV_51th_116.root
hadd Source file 20: ./e_70GeV_51th_117.root
hadd Source file 21: ./e_70GeV_51th_118.root
hadd Source file 22: ./e_70GeV_51th_119.root
hadd Source file 23: ./e_70GeV_51th_11.root
hadd Source file 24: ./e_70GeV_51th_120.root
hadd Source file 25: ./e_70GeV_51th_121.root
hadd Source file 26: ./e_70GeV_51th_122.root
hadd Source file 27: ./e_70GeV_51th_123.root
hadd Source file 28: ./e_70GeV_51th_124.root
hadd Source file 29: ./e_70GeV_51th_125.root
hadd Source file 30: ./e_70GeV_51th_126.root
hadd Source file 31: ./e_70GeV_51th_127.root
hadd Source file 32: ./e_70GeV_51th_128.root
hadd Source file 33: ./e_70GeV_51th_129.root
hadd Source file 34: ./e_70GeV_51th_12.root
hadd Source file 35: ./e_70GeV_51th_130.root
hadd Source file 36: ./e_70GeV_51th_131.root
hadd Source file 37: ./e_70GeV_51th_132.root
hadd Source file 38: ./e_70GeV_51th_133.root
hadd Source file 39: ./e_70GeV_51th_134.root
hadd Source file 40: ./e_70GeV_51th_135.root
hadd Source file 41: ./e_70GeV_51th_136.root
hadd Source file 42: ./e_70GeV_51th_137.root
hadd Source file 43: ./e_70GeV_51th_138.root
hadd Source file 44: ./e_70GeV_51th_139.root
hadd Source file 45: ./e_70GeV_51th_13.root
hadd Source file 46: ./e_70GeV_51th_140.root
hadd Source file 47: ./e_70GeV_51th_141.root
hadd Source file 48: ./e_70GeV_51th_142.root
hadd Source file 49: ./e_70GeV_51th_143.root
hadd Source file 50: ./e_70GeV_51th_144.root
hadd Source file 51: ./e_70GeV_51th_145.root
hadd Source file 52: ./e_70GeV_51th_146.root
hadd Source file 53: ./e_70GeV_51th_147.root
hadd Source file 54: ./e_70GeV_51th_148.root
hadd Source file 55: ./e_70GeV_51th_149.root
hadd Source file 56: ./e_70GeV_51th_14.root
hadd Source file 57: ./e_70GeV_51th_150.root
hadd Source file 58: ./e_70GeV_51th_151.root
hadd Source file 59: ./e_70GeV_51th_152.root
hadd Source file 60: ./e_70GeV_51th_153.root
hadd Source file 61: ./e_70GeV_51th_154.root
hadd Source file 62: ./e_70GeV_51th_155.root
hadd Source file 63: ./e_70GeV_51th_156.root
hadd Source file 64: ./e_70GeV_51th_157.root
hadd Source file 65: ./e_70GeV_51th_158.root
hadd Source file 66: ./e_70GeV_51th_159.root
hadd Source file 67: ./e_70GeV_51th_15.root
hadd Source file 68: ./e_70GeV_51th_160.root
hadd Source file 69: ./e_70GeV_51th_161.root
hadd Source file 70: ./e_70GeV_51th_162.root
hadd Source file 71: ./e_70GeV_51th_163.root
hadd Source file 72: ./e_70GeV_51th_164.root
hadd Source file 73: ./e_70GeV_51th_165.root
hadd Source file 74: ./e_70GeV_51th_166.root
hadd Source file 75: ./e_70GeV_51th_167.root
hadd Source file 76: ./e_70GeV_51th_168.root
hadd Source file 77: ./e_70GeV_51th_169.root
hadd Source file 78: ./e_70GeV_51th_16.root
hadd Source file 79: ./e_70GeV_51th_170.root
hadd Source file 80: ./e_70GeV_51th_171.root
hadd Source file 81: ./e_70GeV_51th_172.root
hadd Source file 82: ./e_70GeV_51th_173.root
hadd Source file 83: ./e_70GeV_51th_174.root
hadd Source file 84: ./e_70GeV_51th_175.root
hadd Source file 85: ./e_70GeV_51th_176.root
hadd Source file 86: ./e_70GeV_51th_177.root
hadd Source file 87: ./e_70GeV_51th_178.root
hadd Source file 88: ./e_70GeV_51th_179.root
hadd Source file 89: ./e_70GeV_51th_17.root
hadd Source file 90: ./e_70GeV_51th_180.root
hadd Source file 91: ./e_70GeV_51th_181.root
hadd Source file 92: ./e_70GeV_51th_182.root
hadd Source file 93: ./e_70GeV_51th_183.root
hadd Source file 94: ./e_70GeV_51th_184.root
hadd Source file 95: ./e_70GeV_51th_185.root
hadd Source file 96: ./e_70GeV_51th_186.root
hadd Source file 97: ./e_70GeV_51th_187.root
hadd Source file 98: ./e_70GeV_51th_188.root
hadd Source file 99: ./e_70GeV_51th_189.root
hadd Source file 100: ./e_70GeV_51th_18.root
hadd Source file 101: ./e_70GeV_51th_190.root
hadd Source file 102: ./e_70GeV_51th_191.root
hadd Source file 103: ./e_70GeV_51th_192.root
hadd Source file 104: ./e_70GeV_51th_193.root
hadd Source file 105: ./e_70GeV_51th_194.root
hadd Source file 106: ./e_70GeV_51th_195.root
hadd Source file 107: ./e_70GeV_51th_196.root
hadd Source file 108: ./e_70GeV_51th_197.root
hadd Source file 109: ./e_70GeV_51th_198.root
hadd Source file 110: ./e_70GeV_51th_199.root
hadd Source file 111: ./e_70GeV_51th_19.root
hadd Source file 112: ./e_70GeV_51th_1.root
hadd Source file 113: ./e_70GeV_51th_200.root
hadd Source file 114: ./e_70GeV_51th_201.root
hadd Source file 115: ./e_70GeV_51th_202.root
hadd Source file 116: ./e_70GeV_51th_203.root
hadd Source file 117: ./e_70GeV_51th_204.root
hadd Source file 118: ./e_70GeV_51th_205.root
hadd Source file 119: ./e_70GeV_51th_206.root
hadd Source file 120: ./e_70GeV_51th_207.root
hadd Source file 121: ./e_70GeV_51th_208.root
hadd Source file 122: ./e_70GeV_51th_209.root
hadd Source file 123: ./e_70GeV_51th_20.root
hadd Source file 124: ./e_70GeV_51th_210.root
hadd Source file 125: ./e_70GeV_51th_211.root
hadd Source file 126: ./e_70GeV_51th_212.root
hadd Source file 127: ./e_70GeV_51th_213.root
hadd Source file 128: ./e_70GeV_51th_214.root
hadd Source file 129: ./e_70GeV_51th_215.root
hadd Source file 130: ./e_70GeV_51th_216.root
hadd Source file 131: ./e_70GeV_51th_217.root
hadd Source file 132: ./e_70GeV_51th_218.root
hadd Source file 133: ./e_70GeV_51th_219.root
hadd Source file 134: ./e_70GeV_51th_21.root
hadd Source file 135: ./e_70GeV_51th_220.root
hadd Source file 136: ./e_70GeV_51th_221.root
hadd Source file 137: ./e_70GeV_51th_222.root
hadd Source file 138: ./e_70GeV_51th_223.root
hadd Source file 139: ./e_70GeV_51th_224.root
hadd Source file 140: ./e_70GeV_51th_225.root
hadd Source file 141: ./e_70GeV_51th_226.root
hadd Source file 142: ./e_70GeV_51th_227.root
hadd Source file 143: ./e_70GeV_51th_228.root
hadd Source file 144: ./e_70GeV_51th_229.root
hadd Source file 145: ./e_70GeV_51th_22.root
hadd Source file 146: ./e_70GeV_51th_230.root
hadd Source file 147: ./e_70GeV_51th_231.root
hadd Source file 148: ./e_70GeV_51th_232.root
hadd Source file 149: ./e_70GeV_51th_233.root
hadd Source file 150: ./e_70GeV_51th_234.root
hadd Source file 151: ./e_70GeV_51th_235.root
hadd Source file 152: ./e_70GeV_51th_236.root
hadd Source file 153: ./e_70GeV_51th_237.root
hadd Source file 154: ./e_70GeV_51th_238.root
hadd Source file 155: ./e_70GeV_51th_239.root
hadd Source file 156: ./e_70GeV_51th_23.root
hadd Source file 157: ./e_70GeV_51th_240.root
hadd Source file 158: ./e_70GeV_51th_241.root
hadd Source file 159: ./e_70GeV_51th_242.root
hadd Source file 160: ./e_70GeV_51th_243.root
hadd Source file 161: ./e_70GeV_51th_244.root
hadd Source file 162: ./e_70GeV_51th_245.root
hadd Source file 163: ./e_70GeV_51th_246.root
hadd Source file 164: ./e_70GeV_51th_247.root
hadd Source file 165: ./e_70GeV_51th_248.root
hadd Source file 166: ./e_70GeV_51th_249.root
hadd Source file 167: ./e_70GeV_51th_24.root
hadd Source file 168: ./e_70GeV_51th_250.root
hadd Source file 169: ./e_70GeV_51th_251.root
hadd Source file 170: ./e_70GeV_51th_252.root
hadd Source file 171: ./e_70GeV_51th_253.root
hadd Source file 172: ./e_70GeV_51th_254.root
hadd Source file 173: ./e_70GeV_51th_255.root
hadd Source file 174: ./e_70GeV_51th_256.root
hadd Source file 175: ./e_70GeV_51th_257.root
hadd Source file 176: ./e_70GeV_51th_258.root
hadd Source file 177: ./e_70GeV_51th_259.root
hadd Source file 178: ./e_70GeV_51th_25.root
hadd Source file 179: ./e_70GeV_51th_260.root
hadd Source file 180: ./e_70GeV_51th_261.root
hadd Source file 181: ./e_70GeV_51th_262.root
hadd Source file 182: ./e_70GeV_51th_263.root
hadd Source file 183: ./e_70GeV_51th_264.root
hadd Source file 184: ./e_70GeV_51th_265.root
hadd Source file 185: ./e_70GeV_51th_266.root
hadd Source file 186: ./e_70GeV_51th_267.root
hadd Source file 187: ./e_70GeV_51th_268.root
hadd Source file 188: ./e_70GeV_51th_269.root
hadd Source file 189: ./e_70GeV_51th_26.root
hadd Source file 190: ./e_70GeV_51th_270.root
hadd Source file 191: ./e_70GeV_51th_271.root
hadd Source file 192: ./e_70GeV_51th_272.root
hadd Source file 193: ./e_70GeV_51th_273.root
hadd Source file 194: ./e_70GeV_51th_274.root
hadd Source file 195: ./e_70GeV_51th_275.root
hadd Source file 196: ./e_70GeV_51th_276.root
hadd Source file 197: ./e_70GeV_51th_277.root
hadd Source file 198: ./e_70GeV_51th_278.root
hadd Source file 199: ./e_70GeV_51th_279.root
hadd Source file 200: ./e_70GeV_51th_27.root
hadd Source file 201: ./e_70GeV_51th_280.root
hadd Source file 202: ./e_70GeV_51th_281.root
hadd Source file 203: ./e_70GeV_51th_282.root
hadd Source file 204: ./e_70GeV_51th_283.root
hadd Source file 205: ./e_70GeV_51th_284.root
hadd Source file 206: ./e_70GeV_51th_285.root
hadd Source file 207: ./e_70GeV_51th_286.root
hadd Source file 208: ./e_70GeV_51th_287.root
hadd Source file 209: ./e_70GeV_51th_288.root
hadd Source file 210: ./e_70GeV_51th_289.root
hadd Source file 211: ./e_70GeV_51th_28.root
hadd Source file 212: ./e_70GeV_51th_290.root
hadd Source file 213: ./e_70GeV_51th_291.root
hadd Source file 214: ./e_70GeV_51th_292.root
hadd Source file 215: ./e_70GeV_51th_293.root
hadd Source file 216: ./e_70GeV_51th_294.root
hadd Source file 217: ./e_70GeV_51th_295.root
hadd Source file 218: ./e_70GeV_51th_296.root
hadd Source file 219: ./e_70GeV_51th_297.root
hadd Source file 220: ./e_70GeV_51th_298.root
hadd Source file 221: ./e_70GeV_51th_299.root
hadd Source file 222: ./e_70GeV_51th_29.root
hadd Source file 223: ./e_70GeV_51th_2.root
hadd Source file 224: ./e_70GeV_51th_300.root
hadd Source file 225: ./e_70GeV_51th_301.root
hadd Source file 226: ./e_70GeV_51th_302.root
hadd Source file 227: ./e_70GeV_51th_303.root
hadd Source file 228: ./e_70GeV_51th_304.root
hadd Source file 229: ./e_70GeV_51th_305.root
hadd Source file 230: ./e_70GeV_51th_306.root
hadd Source file 231: ./e_70GeV_51th_307.root
hadd Source file 232: ./e_70GeV_51th_308.root
hadd Source file 233: ./e_70GeV_51th_309.root
hadd Source file 234: ./e_70GeV_51th_30.root
hadd Source file 235: ./e_70GeV_51th_310.root
hadd Source file 236: ./e_70GeV_51th_311.root
hadd Source file 237: ./e_70GeV_51th_312.root
hadd Source file 238: ./e_70GeV_51th_313.root
hadd Source file 239: ./e_70GeV_51th_314.root
hadd Source file 240: ./e_70GeV_51th_315.root
hadd Source file 241: ./e_70GeV_51th_316.root
hadd Source file 242: ./e_70GeV_51th_317.root
hadd Source file 243: ./e_70GeV_51th_318.root
hadd Source file 244: ./e_70GeV_51th_319.root
hadd Source file 245: ./e_70GeV_51th_31.root
hadd Source file 246: ./e_70GeV_51th_320.root
hadd Source file 247: ./e_70GeV_51th_321.root
hadd Source file 248: ./e_70GeV_51th_322.root
hadd Source file 249: ./e_70GeV_51th_323.root
hadd Source file 250: ./e_70GeV_51th_324.root
hadd Source file 251: ./e_70GeV_51th_325.root
hadd Source file 252: ./e_70GeV_51th_326.root
hadd Source file 253: ./e_70GeV_51th_327.root
hadd Source file 254: ./e_70GeV_51th_328.root
hadd Source file 255: ./e_70GeV_51th_329.root
hadd Source file 256: ./e_70GeV_51th_32.root
hadd Source file 257: ./e_70GeV_51th_330.root
hadd Source file 258: ./e_70GeV_51th_331.root
hadd Source file 259: ./e_70GeV_51th_332.root
hadd Source file 260: ./e_70GeV_51th_333.root
hadd Source file 261: ./e_70GeV_51th_334.root
hadd Source file 262: ./e_70GeV_51th_335.root
hadd Source file 263: ./e_70GeV_51th_336.root
hadd Source file 264: ./e_70GeV_51th_337.root
hadd Source file 265: ./e_70GeV_51th_338.root
hadd Source file 266: ./e_70GeV_51th_339.root
hadd Source file 267: ./e_70GeV_51th_33.root
hadd Source file 268: ./e_70GeV_51th_340.root
hadd Source file 269: ./e_70GeV_51th_341.root
hadd Source file 270: ./e_70GeV_51th_342.root
hadd Source file 271: ./e_70GeV_51th_343.root
hadd Source file 272: ./e_70GeV_51th_344.root
hadd Source file 273: ./e_70GeV_51th_345.root
hadd Source file 274: ./e_70GeV_51th_346.root
hadd Source file 275: ./e_70GeV_51th_347.root
hadd Source file 276: ./e_70GeV_51th_348.root
hadd Source file 277: ./e_70GeV_51th_349.root
hadd Source file 278: ./e_70GeV_51th_34.root
hadd Source file 279: ./e_70GeV_51th_350.root
hadd Source file 280: ./e_70GeV_51th_351.root
hadd Source file 281: ./e_70GeV_51th_352.root
hadd Source file 282: ./e_70GeV_51th_353.root
hadd Source file 283: ./e_70GeV_51th_354.root
hadd Source file 284: ./e_70GeV_51th_355.root
hadd Source file 285: ./e_70GeV_51th_356.root
hadd Source file 286: ./e_70GeV_51th_357.root
hadd Source file 287: ./e_70GeV_51th_358.root
hadd Source file 288: ./e_70GeV_51th_359.root
hadd Source file 289: ./e_70GeV_51th_35.root
hadd Source file 290: ./e_70GeV_51th_360.root
hadd Source file 291: ./e_70GeV_51th_361.root
hadd Source file 292: ./e_70GeV_51th_362.root
hadd Source file 293: ./e_70GeV_51th_363.root
hadd Source file 294: ./e_70GeV_51th_364.root
hadd Source file 295: ./e_70GeV_51th_365.root
hadd Source file 296: ./e_70GeV_51th_366.root
hadd Source file 297: ./e_70GeV_51th_367.root
hadd Source file 298: ./e_70GeV_51th_368.root
hadd Source file 299: ./e_70GeV_51th_369.root
hadd Source file 300: ./e_70GeV_51th_36.root
hadd Source file 301: ./e_70GeV_51th_370.root
hadd Source file 302: ./e_70GeV_51th_371.root
hadd Source file 303: ./e_70GeV_51th_372.root
hadd Source file 304: ./e_70GeV_51th_373.root
hadd Source file 305: ./e_70GeV_51th_374.root
hadd Source file 306: ./e_70GeV_51th_375.root
hadd Source file 307: ./e_70GeV_51th_376.root
hadd Source file 308: ./e_70GeV_51th_377.root
hadd Source file 309: ./e_70GeV_51th_378.root
hadd Source file 310: ./e_70GeV_51th_379.root
hadd Source file 311: ./e_70GeV_51th_37.root
hadd Source file 312: ./e_70GeV_51th_380.root
hadd Source file 313: ./e_70GeV_51th_381.root
hadd Source file 314: ./e_70GeV_51th_382.root
hadd Source file 315: ./e_70GeV_51th_383.root
hadd Source file 316: ./e_70GeV_51th_384.root
hadd Source file 317: ./e_70GeV_51th_385.root
hadd Source file 318: ./e_70GeV_51th_386.root
hadd Source file 319: ./e_70GeV_51th_387.root
hadd Source file 320: ./e_70GeV_51th_388.root
hadd Source file 321: ./e_70GeV_51th_389.root
hadd Source file 322: ./e_70GeV_51th_38.root
hadd Source file 323: ./e_70GeV_51th_390.root
hadd Source file 324: ./e_70GeV_51th_391.root
hadd Source file 325: ./e_70GeV_51th_392.root
hadd Source file 326: ./e_70GeV_51th_393.root
hadd Source file 327: ./e_70GeV_51th_394.root
hadd Source file 328: ./e_70GeV_51th_395.root
hadd Source file 329: ./e_70GeV_51th_396.root
hadd Source file 330: ./e_70GeV_51th_397.root
hadd Source file 331: ./e_70GeV_51th_398.root
hadd Source file 332: ./e_70GeV_51th_399.root
hadd Source file 333: ./e_70GeV_51th_39.root
hadd Source file 334: ./e_70GeV_51th_3.root
hadd Source file 335: ./e_70GeV_51th_400.root
hadd Source file 336: ./e_70GeV_51th_401.root
hadd Source file 337: ./e_70GeV_51th_402.root
hadd Source file 338: ./e_70GeV_51th_403.root
hadd Source file 339: ./e_70GeV_51th_404.root
hadd Source file 340: ./e_70GeV_51th_405.root
hadd Source file 341: ./e_70GeV_51th_406.root
hadd Source file 342: ./e_70GeV_51th_407.root
hadd Source file 343: ./e_70GeV_51th_408.root
hadd Source file 344: ./e_70GeV_51th_409.root
hadd Source file 345: ./e_70GeV_51th_40.root
hadd Source file 346: ./e_70GeV_51th_410.root
hadd Source file 347: ./e_70GeV_51th_411.root
hadd Source file 348: ./e_70GeV_51th_412.root
hadd Source file 349: ./e_70GeV_51th_413.root
hadd Source file 350: ./e_70GeV_51th_414.root
hadd Source file 351: ./e_70GeV_51th_415.root
hadd Source file 352: ./e_70GeV_51th_416.root
hadd Source file 353: ./e_70GeV_51th_417.root
hadd Source file 354: ./e_70GeV_51th_418.root
hadd Source file 355: ./e_70GeV_51th_419.root
hadd Source file 356: ./e_70GeV_51th_41.root
hadd Source file 357: ./e_70GeV_51th_420.root
hadd Source file 358: ./e_70GeV_51th_421.root
hadd Source file 359: ./e_70GeV_51th_422.root
hadd Source file 360: ./e_70GeV_51th_423.root
hadd Source file 361: ./e_70GeV_51th_424.root
hadd Source file 362: ./e_70GeV_51th_425.root
hadd Source file 363: ./e_70GeV_51th_426.root
hadd Source file 364: ./e_70GeV_51th_427.root
hadd Source file 365: ./e_70GeV_51th_428.root
hadd Source file 366: ./e_70GeV_51th_429.root
hadd Source file 367: ./e_70GeV_51th_42.root
hadd Source file 368: ./e_70GeV_51th_430.root
hadd Source file 369: ./e_70GeV_51th_431.root
hadd Source file 370: ./e_70GeV_51th_432.root
hadd Source file 371: ./e_70GeV_51th_433.root
hadd Source file 372: ./e_70GeV_51th_434.root
hadd Source file 373: ./e_70GeV_51th_435.root
hadd Source file 374: ./e_70GeV_51th_436.root
hadd Source file 375: ./e_70GeV_51th_437.root
hadd Source file 376: ./e_70GeV_51th_438.root
hadd Source file 377: ./e_70GeV_51th_439.root
hadd Source file 378: ./e_70GeV_51th_43.root
hadd Source file 379: ./e_70GeV_51th_440.root
hadd Source file 380: ./e_70GeV_51th_441.root
hadd Source file 381: ./e_70GeV_51th_442.root
hadd Source file 382: ./e_70GeV_51th_443.root
hadd Source file 383: ./e_70GeV_51th_444.root
hadd Source file 384: ./e_70GeV_51th_445.root
hadd Source file 385: ./e_70GeV_51th_446.root
hadd Source file 386: ./e_70GeV_51th_447.root
hadd Source file 387: ./e_70GeV_51th_448.root
hadd Source file 388: ./e_70GeV_51th_449.root
hadd Source file 389: ./e_70GeV_51th_44.root
hadd Source file 390: ./e_70GeV_51th_450.root
hadd Source file 391: ./e_70GeV_51th_451.root
hadd Source file 392: ./e_70GeV_51th_452.root
hadd Source file 393: ./e_70GeV_51th_453.root
hadd Source file 394: ./e_70GeV_51th_454.root
hadd Source file 395: ./e_70GeV_51th_455.root
hadd Source file 396: ./e_70GeV_51th_456.root
hadd Source file 397: ./e_70GeV_51th_457.root
hadd Source file 398: ./e_70GeV_51th_458.root
hadd Source file 399: ./e_70GeV_51th_459.root
hadd Source file 400: ./e_70GeV_51th_45.root
hadd Source file 401: ./e_70GeV_51th_460.root
hadd Source file 402: ./e_70GeV_51th_461.root
hadd Source file 403: ./e_70GeV_51th_462.root
hadd Source file 404: ./e_70GeV_51th_463.root
hadd Source file 405: ./e_70GeV_51th_464.root
hadd Source file 406: ./e_70GeV_51th_465.root
hadd Source file 407: ./e_70GeV_51th_466.root
hadd Source file 408: ./e_70GeV_51th_467.root
hadd Source file 409: ./e_70GeV_51th_468.root
hadd Source file 410: ./e_70GeV_51th_469.root
hadd Source file 411: ./e_70GeV_51th_46.root
hadd Source file 412: ./e_70GeV_51th_470.root
hadd Source file 413: ./e_70GeV_51th_471.root
hadd Source file 414: ./e_70GeV_51th_472.root
hadd Source file 415: ./e_70GeV_51th_473.root
hadd Source file 416: ./e_70GeV_51th_474.root
hadd Source file 417: ./e_70GeV_51th_475.root
hadd Source file 418: ./e_70GeV_51th_476.root
hadd Source file 419: ./e_70GeV_51th_477.root
hadd Source file 420: ./e_70GeV_51th_478.root
hadd Source file 421: ./e_70GeV_51th_479.root
hadd Source file 422: ./e_70GeV_51th_47.root
hadd Source file 423: ./e_70GeV_51th_480.root
hadd Source file 424: ./e_70GeV_51th_481.root
hadd Source file 425: ./e_70GeV_51th_482.root
hadd Source file 426: ./e_70GeV_51th_483.root
hadd Source file 427: ./e_70GeV_51th_484.root
hadd Source file 428: ./e_70GeV_51th_485.root
hadd Source file 429: ./e_70GeV_51th_486.root
hadd Source file 430: ./e_70GeV_51th_487.root
hadd Source file 431: ./e_70GeV_51th_488.root
hadd Source file 432: ./e_70GeV_51th_489.root
hadd Source file 433: ./e_70GeV_51th_48.root
hadd Source file 434: ./e_70GeV_51th_490.root
hadd Source file 435: ./e_70GeV_51th_491.root
hadd Source file 436: ./e_70GeV_51th_492.root
hadd Source file 437: ./e_70GeV_51th_493.root
hadd Source file 438: ./e_70GeV_51th_494.root
hadd Source file 439: ./e_70GeV_51th_495.root
hadd Source file 440: ./e_70GeV_51th_496.root
hadd Source file 441: ./e_70GeV_51th_497.root
hadd Source file 442: ./e_70GeV_51th_498.root
hadd Source file 443: ./e_70GeV_51th_499.root
hadd Source file 444: ./e_70GeV_51th_49.root
hadd Source file 445: ./e_70GeV_51th_4.root
hadd Source file 446: ./e_70GeV_51th_50.root
hadd Source file 447: ./e_70GeV_51th_51.root
hadd Source file 448: ./e_70GeV_51th_52.root
hadd Source file 449: ./e_70GeV_51th_53.root
hadd Source file 450: ./e_70GeV_51th_54.root
hadd Source file 451: ./e_70GeV_51th_55.root
hadd Source file 452: ./e_70GeV_51th_56.root
hadd Source file 453: ./e_70GeV_51th_57.root
hadd Source file 454: ./e_70GeV_51th_58.root
hadd Source file 455: ./e_70GeV_51th_59.root
hadd Source file 456: ./e_70GeV_51th_5.root
hadd Source file 457: ./e_70GeV_51th_60.root
hadd Source file 458: ./e_70GeV_51th_61.root
hadd Source file 459: ./e_70GeV_51th_62.root
hadd Source file 460: ./e_70GeV_51th_63.root
hadd Source file 461: ./e_70GeV_51th_64.root
hadd Source file 462: ./e_70GeV_51th_65.root
hadd Source file 463: ./e_70GeV_51th_66.root
hadd Source file 464: ./e_70GeV_51th_67.root
hadd Source file 465: ./e_70GeV_51th_68.root
hadd Source file 466: ./e_70GeV_51th_69.root
hadd Source file 467: ./e_70GeV_51th_6.root
hadd Source file 468: ./e_70GeV_51th_70.root
hadd Source file 469: ./e_70GeV_51th_71.root
hadd Source file 470: ./e_70GeV_51th_72.root
hadd Source file 471: ./e_70GeV_51th_73.root
hadd Source file 472: ./e_70GeV_51th_74.root
hadd Source file 473: ./e_70GeV_51th_75.root
hadd Source file 474: ./e_70GeV_51th_76.root
hadd Source file 475: ./e_70GeV_51th_77.root
hadd Source file 476: ./e_70GeV_51th_78.root
hadd Source file 477: ./e_70GeV_51th_79.root
hadd Source file 478: ./e_70GeV_51th_7.root
hadd Source file 479: ./e_70GeV_51th_80.root
hadd Source file 480: ./e_70GeV_51th_81.root
hadd Source file 481: ./e_70GeV_51th_82.root
hadd Source file 482: ./e_70GeV_51th_83.root
hadd Source file 483: ./e_70GeV_51th_84.root
hadd Source file 484: ./e_70GeV_51th_85.root
hadd Source file 485: ./e_70GeV_51th_86.root
hadd Source file 486: ./e_70GeV_51th_87.root
hadd Source file 487: ./e_70GeV_51th_88.root
hadd Source file 488: ./e_70GeV_51th_89.root
hadd Source file 489: ./e_70GeV_51th_8.root
hadd Source file 490: ./e_70GeV_51th_90.root
hadd Source file 491: ./e_70GeV_51th_91.root
hadd Source file 492: ./e_70GeV_51th_92.root
hadd Source file 493: ./e_70GeV_51th_93.root
hadd Source file 494: ./e_70GeV_51th_94.root
hadd Source file 495: ./e_70GeV_51th_95.root
hadd Source file 496: ./e_70GeV_51th_96.root
hadd Source file 497: ./e_70GeV_51th_97.root
hadd Source file 498: ./e_70GeV_51th_98.root
hadd Source file 499: ./e_70GeV_51th_99.root
hadd Source file 500: ./e_70GeV_51th_9.root
hadd Target path: e_70GeV_51th.root:/
Analyzing 0th event ...
Analyzing 100th event ...
Analyzing 200th event ...
Analyzing 300th event ...
Analyzing 400th event ...
Analyzing 500th event ...
Analyzing 600th event ...
Analyzing 700th event ...
Analyzing 800th event ...
Analyzing 900th event ...
Info in <TCanvas::Print>: png file ./e_70GeV_51th/e_70GeV_51th_Edep.png has been created
Info in <TCanvas::Print>: png file ./e_70GeV_51th/e_70GeV_51th_EcsHist.png has been created
 FCN=8.35798 FROM MINOS     STATUS=SUCCESSFUL     21 CALLS         172 TOTAL
                     EDM=2.07038e-08    STRATEGY= 1      ERROR MATRIX ACCURATE 
  EXT PARAMETER                                   STEP         FIRST   
  NO.   NAME      VALUE            ERROR          SIZE      DERIVATIVE 
   1  Constant     2.87122e+02   1.15156e+01  -1.08422e-01   3.07335e-05
   2  Mean         7.03589e+01   6.21181e-02  -5.04316e-04  -6.50193e-03
   3  Sigma        1.93096e+00   4.78683e-02   4.78683e-02   8.48646e-02
 FCN=5.57637 FROM MINOS     STATUS=SUCCESSFUL     21 CALLS         155 TOTAL
                     EDM=2.75413e-09    STRATEGY= 1      ERROR MATRIX ACCURATE 
  EXT PARAMETER                                   STEP         FIRST   
  NO.   NAME      VALUE            ERROR          SIZE      DERIVATIVE 
   1  Constant     3.14442e+02   1.20828e+01  -1.57493e-01   1.08515e-06
   2  Mean         7.02802e+01   5.67767e-02  -1.98781e-04  -7.93953e-04
   3  Sigma        1.76869e+00   3.89905e-02   3.89905e-02  -9.01285e-03
Info in <TCanvas::Print>: png file ./e_70GeV_51th/e_70GeV_51th_Ecs.png has been created
 FCN=9.05188 FROM MINOS     STATUS=SUCCESSFUL     41 CALLS         184 TOTAL
                     EDM=6.07473e-09    STRATEGY= 1      ERROR MATRIX ACCURATE 
  EXT PARAMETER                                   STEP         FIRST   
  NO.   NAME      VALUE            ERROR          SIZE      DERIVATIVE 
   1  Constant     4.61419e+02   1.74160e+01   9.73134e-02  -5.77077e-06
   2  Mean         1.40626e+02   7.96554e-02  -2.16415e-04  -1.31163e-03
   3  Sigma        2.39981e+00   4.91827e-02   4.91827e-02  -3.97274e-01
Info in <TCanvas::Print>: png file ./e_70GeV_51th/e_70GeV_51th_Esum.png has been created
Info in <TCanvas::Print>: png file ./e_70GeV_51th/e_70GeV_51th_Pleak.png has been created
Info in <TCanvas::Print>: png file ./e_70GeV_51th/e_70GeV_51th_Pleak_nu.png has been created
Info in <TCanvas::Print>: png file ./e_70GeV_51th/e_70GeV_51th_SvsC.png has been created
Info in <TCanvas::Print>: png file ./e_70GeV_51th/e_70GeV_51th_tC.png has been created
Info in <TCanvas::Print>: png file ./e_70GeV_51th/e_70GeV_51th_tS.png has been created
Info in <TCanvas::Print>: png file ./e_70GeV_51th/e_70GeV_51th_wavC.png has been created
Info in <TCanvas::Print>: png file ./e_70GeV_51th/e_70GeV_51th_wavS.png has been created
Info in <TCanvas::Print>: png file ./e_70GeV_51th/e_70GeV_51th_nhitC.png has been created
Info in <TCanvas::Print>: png file ./e_70GeV_51th/e_70GeV_51th_nhitS.png has been created
mv: cannot stat ‘*.png’: No such file or directory
analysis and arranging directory is done for e- 70GeV
starting submit for 90 GeV e- and the output will be e_90GeV_51th.root

Submitting job(s)....................................................................................................................................................................................................................................................................................................................................................................................................................................................................................................................
500 job(s) submitted to cluster 1203.
Simulation is done
preparing analysis
hadd Target file: e_90GeV_51th.root
hadd compression setting for all output: 1
hadd Source file 1: ./e_90GeV_51th_0.root
hadd Source file 2: ./e_90GeV_51th_100.root
hadd Source file 3: ./e_90GeV_51th_101.root
hadd Source file 4: ./e_90GeV_51th_102.root
hadd Source file 5: ./e_90GeV_51th_103.root
hadd Source file 6: ./e_90GeV_51th_104.root
hadd Source file 7: ./e_90GeV_51th_105.root
hadd Source file 8: ./e_90GeV_51th_106.root
hadd Source file 9: ./e_90GeV_51th_107.root
hadd Source file 10: ./e_90GeV_51th_108.root
hadd Source file 11: ./e_90GeV_51th_109.root
hadd Source file 12: ./e_90GeV_51th_10.root
hadd Source file 13: ./e_90GeV_51th_110.root
hadd Source file 14: ./e_90GeV_51th_111.root
hadd Source file 15: ./e_90GeV_51th_112.root
hadd Source file 16: ./e_90GeV_51th_113.root
hadd Source file 17: ./e_90GeV_51th_114.root
hadd Source file 18: ./e_90GeV_51th_115.root
hadd Source file 19: ./e_90GeV_51th_116.root
hadd Source file 20: ./e_90GeV_51th_117.root
hadd Source file 21: ./e_90GeV_51th_118.root
hadd Source file 22: ./e_90GeV_51th_119.root
hadd Source file 23: ./e_90GeV_51th_11.root
hadd Source file 24: ./e_90GeV_51th_120.root
hadd Source file 25: ./e_90GeV_51th_121.root
hadd Source file 26: ./e_90GeV_51th_122.root
hadd Source file 27: ./e_90GeV_51th_123.root
hadd Source file 28: ./e_90GeV_51th_124.root
hadd Source file 29: ./e_90GeV_51th_125.root
hadd Source file 30: ./e_90GeV_51th_126.root
hadd Source file 31: ./e_90GeV_51th_127.root
hadd Source file 32: ./e_90GeV_51th_128.root
hadd Source file 33: ./e_90GeV_51th_129.root
hadd Source file 34: ./e_90GeV_51th_12.root
hadd Source file 35: ./e_90GeV_51th_130.root
hadd Source file 36: ./e_90GeV_51th_131.root
hadd Source file 37: ./e_90GeV_51th_132.root
hadd Source file 38: ./e_90GeV_51th_133.root
hadd Source file 39: ./e_90GeV_51th_134.root
hadd Source file 40: ./e_90GeV_51th_135.root
hadd Source file 41: ./e_90GeV_51th_136.root
hadd Source file 42: ./e_90GeV_51th_137.root
hadd Source file 43: ./e_90GeV_51th_138.root
hadd Source file 44: ./e_90GeV_51th_139.root
hadd Source file 45: ./e_90GeV_51th_13.root
hadd Source file 46: ./e_90GeV_51th_140.root
hadd Source file 47: ./e_90GeV_51th_141.root
hadd Source file 48: ./e_90GeV_51th_142.root
hadd Source file 49: ./e_90GeV_51th_143.root
hadd Source file 50: ./e_90GeV_51th_144.root
hadd Source file 51: ./e_90GeV_51th_145.root
hadd Source file 52: ./e_90GeV_51th_146.root
hadd Source file 53: ./e_90GeV_51th_147.root
hadd Source file 54: ./e_90GeV_51th_148.root
hadd Source file 55: ./e_90GeV_51th_149.root
hadd Source file 56: ./e_90GeV_51th_14.root
hadd Source file 57: ./e_90GeV_51th_150.root
hadd Source file 58: ./e_90GeV_51th_151.root
hadd Source file 59: ./e_90GeV_51th_152.root
hadd Source file 60: ./e_90GeV_51th_153.root
hadd Source file 61: ./e_90GeV_51th_154.root
hadd Source file 62: ./e_90GeV_51th_155.root
hadd Source file 63: ./e_90GeV_51th_156.root
hadd Source file 64: ./e_90GeV_51th_157.root
hadd Source file 65: ./e_90GeV_51th_158.root
hadd Source file 66: ./e_90GeV_51th_159.root
hadd Source file 67: ./e_90GeV_51th_15.root
hadd Source file 68: ./e_90GeV_51th_160.root
hadd Source file 69: ./e_90GeV_51th_161.root
hadd Source file 70: ./e_90GeV_51th_162.root
hadd Source file 71: ./e_90GeV_51th_163.root
hadd Source file 72: ./e_90GeV_51th_164.root
hadd Source file 73: ./e_90GeV_51th_165.root
hadd Source file 74: ./e_90GeV_51th_166.root
hadd Source file 75: ./e_90GeV_51th_167.root
hadd Source file 76: ./e_90GeV_51th_168.root
hadd Source file 77: ./e_90GeV_51th_169.root
hadd Source file 78: ./e_90GeV_51th_16.root
hadd Source file 79: ./e_90GeV_51th_170.root
hadd Source file 80: ./e_90GeV_51th_171.root
hadd Source file 81: ./e_90GeV_51th_172.root
hadd Source file 82: ./e_90GeV_51th_173.root
hadd Source file 83: ./e_90GeV_51th_174.root
hadd Source file 84: ./e_90GeV_51th_175.root
hadd Source file 85: ./e_90GeV_51th_176.root
hadd Source file 86: ./e_90GeV_51th_177.root
hadd Source file 87: ./e_90GeV_51th_178.root
hadd Source file 88: ./e_90GeV_51th_179.root
hadd Source file 89: ./e_90GeV_51th_17.root
hadd Source file 90: ./e_90GeV_51th_180.root
hadd Source file 91: ./e_90GeV_51th_181.root
hadd Source file 92: ./e_90GeV_51th_182.root
hadd Source file 93: ./e_90GeV_51th_183.root
hadd Source file 94: ./e_90GeV_51th_184.root
hadd Source file 95: ./e_90GeV_51th_185.root
hadd Source file 96: ./e_90GeV_51th_186.root
hadd Source file 97: ./e_90GeV_51th_187.root
hadd Source file 98: ./e_90GeV_51th_188.root
hadd Source file 99: ./e_90GeV_51th_189.root
hadd Source file 100: ./e_90GeV_51th_18.root
hadd Source file 101: ./e_90GeV_51th_190.root
hadd Source file 102: ./e_90GeV_51th_191.root
hadd Source file 103: ./e_90GeV_51th_192.root
hadd Source file 104: ./e_90GeV_51th_193.root
hadd Source file 105: ./e_90GeV_51th_194.root
hadd Source file 106: ./e_90GeV_51th_195.root
hadd Source file 107: ./e_90GeV_51th_196.root
hadd Source file 108: ./e_90GeV_51th_197.root
hadd Source file 109: ./e_90GeV_51th_198.root
hadd Source file 110: ./e_90GeV_51th_199.root
hadd Source file 111: ./e_90GeV_51th_19.root
hadd Source file 112: ./e_90GeV_51th_1.root
hadd Source file 113: ./e_90GeV_51th_200.root
hadd Source file 114: ./e_90GeV_51th_201.root
hadd Source file 115: ./e_90GeV_51th_202.root
hadd Source file 116: ./e_90GeV_51th_203.root
hadd Source file 117: ./e_90GeV_51th_204.root
hadd Source file 118: ./e_90GeV_51th_205.root
hadd Source file 119: ./e_90GeV_51th_206.root
hadd Source file 120: ./e_90GeV_51th_207.root
hadd Source file 121: ./e_90GeV_51th_208.root
hadd Source file 122: ./e_90GeV_51th_209.root
hadd Source file 123: ./e_90GeV_51th_20.root
hadd Source file 124: ./e_90GeV_51th_210.root
hadd Source file 125: ./e_90GeV_51th_211.root
hadd Source file 126: ./e_90GeV_51th_212.root
hadd Source file 127: ./e_90GeV_51th_213.root
hadd Source file 128: ./e_90GeV_51th_214.root
hadd Source file 129: ./e_90GeV_51th_215.root
hadd Source file 130: ./e_90GeV_51th_216.root
hadd Source file 131: ./e_90GeV_51th_217.root
hadd Source file 132: ./e_90GeV_51th_218.root
hadd Source file 133: ./e_90GeV_51th_219.root
hadd Source file 134: ./e_90GeV_51th_21.root
hadd Source file 135: ./e_90GeV_51th_220.root
hadd Source file 136: ./e_90GeV_51th_221.root
hadd Source file 137: ./e_90GeV_51th_222.root
hadd Source file 138: ./e_90GeV_51th_223.root
hadd Source file 139: ./e_90GeV_51th_224.root
hadd Source file 140: ./e_90GeV_51th_225.root
hadd Source file 141: ./e_90GeV_51th_226.root
hadd Source file 142: ./e_90GeV_51th_227.root
hadd Source file 143: ./e_90GeV_51th_228.root
hadd Source file 144: ./e_90GeV_51th_229.root
hadd Source file 145: ./e_90GeV_51th_22.root
hadd Source file 146: ./e_90GeV_51th_230.root
hadd Source file 147: ./e_90GeV_51th_231.root
hadd Source file 148: ./e_90GeV_51th_232.root
hadd Source file 149: ./e_90GeV_51th_233.root
hadd Source file 150: ./e_90GeV_51th_234.root
hadd Source file 151: ./e_90GeV_51th_235.root
hadd Source file 152: ./e_90GeV_51th_236.root
hadd Source file 153: ./e_90GeV_51th_237.root
hadd Source file 154: ./e_90GeV_51th_238.root
hadd Source file 155: ./e_90GeV_51th_239.root
hadd Source file 156: ./e_90GeV_51th_23.root
hadd Source file 157: ./e_90GeV_51th_240.root
hadd Source file 158: ./e_90GeV_51th_241.root
hadd Source file 159: ./e_90GeV_51th_242.root
hadd Source file 160: ./e_90GeV_51th_243.root
hadd Source file 161: ./e_90GeV_51th_244.root
hadd Source file 162: ./e_90GeV_51th_245.root
hadd Source file 163: ./e_90GeV_51th_246.root
hadd Source file 164: ./e_90GeV_51th_247.root
hadd Source file 165: ./e_90GeV_51th_248.root
hadd Source file 166: ./e_90GeV_51th_249.root
hadd Source file 167: ./e_90GeV_51th_24.root
hadd Source file 168: ./e_90GeV_51th_250.root
hadd Source file 169: ./e_90GeV_51th_251.root
hadd Source file 170: ./e_90GeV_51th_252.root
hadd Source file 171: ./e_90GeV_51th_253.root
hadd Source file 172: ./e_90GeV_51th_254.root
hadd Source file 173: ./e_90GeV_51th_255.root
hadd Source file 174: ./e_90GeV_51th_256.root
hadd Source file 175: ./e_90GeV_51th_257.root
hadd Source file 176: ./e_90GeV_51th_258.root
hadd Source file 177: ./e_90GeV_51th_259.root
hadd Source file 178: ./e_90GeV_51th_25.root
hadd Source file 179: ./e_90GeV_51th_260.root
hadd Source file 180: ./e_90GeV_51th_261.root
hadd Source file 181: ./e_90GeV_51th_262.root
hadd Source file 182: ./e_90GeV_51th_263.root
hadd Source file 183: ./e_90GeV_51th_264.root
hadd Source file 184: ./e_90GeV_51th_265.root
hadd Source file 185: ./e_90GeV_51th_266.root
hadd Source file 186: ./e_90GeV_51th_267.root
hadd Source file 187: ./e_90GeV_51th_268.root
hadd Source file 188: ./e_90GeV_51th_269.root
hadd Source file 189: ./e_90GeV_51th_26.root
hadd Source file 190: ./e_90GeV_51th_270.root
hadd Source file 191: ./e_90GeV_51th_271.root
hadd Source file 192: ./e_90GeV_51th_272.root
hadd Source file 193: ./e_90GeV_51th_273.root
hadd Source file 194: ./e_90GeV_51th_274.root
hadd Source file 195: ./e_90GeV_51th_275.root
hadd Source file 196: ./e_90GeV_51th_276.root
hadd Source file 197: ./e_90GeV_51th_277.root
hadd Source file 198: ./e_90GeV_51th_278.root
hadd Source file 199: ./e_90GeV_51th_279.root
hadd Source file 200: ./e_90GeV_51th_27.root
hadd Source file 201: ./e_90GeV_51th_280.root
hadd Source file 202: ./e_90GeV_51th_281.root
hadd Source file 203: ./e_90GeV_51th_282.root
hadd Source file 204: ./e_90GeV_51th_283.root
hadd Source file 205: ./e_90GeV_51th_284.root
hadd Source file 206: ./e_90GeV_51th_285.root
hadd Source file 207: ./e_90GeV_51th_286.root
hadd Source file 208: ./e_90GeV_51th_287.root
hadd Source file 209: ./e_90GeV_51th_288.root
hadd Source file 210: ./e_90GeV_51th_289.root
hadd Source file 211: ./e_90GeV_51th_28.root
hadd Source file 212: ./e_90GeV_51th_290.root
hadd Source file 213: ./e_90GeV_51th_291.root
hadd Source file 214: ./e_90GeV_51th_292.root
hadd Source file 215: ./e_90GeV_51th_293.root
hadd Source file 216: ./e_90GeV_51th_294.root
hadd Source file 217: ./e_90GeV_51th_295.root
hadd Source file 218: ./e_90GeV_51th_296.root
hadd Source file 219: ./e_90GeV_51th_297.root
hadd Source file 220: ./e_90GeV_51th_298.root
hadd Source file 221: ./e_90GeV_51th_299.root
hadd Source file 222: ./e_90GeV_51th_29.root
hadd Source file 223: ./e_90GeV_51th_2.root
hadd Source file 224: ./e_90GeV_51th_300.root
hadd Source file 225: ./e_90GeV_51th_301.root
hadd Source file 226: ./e_90GeV_51th_302.root
hadd Source file 227: ./e_90GeV_51th_303.root
hadd Source file 228: ./e_90GeV_51th_304.root
hadd Source file 229: ./e_90GeV_51th_305.root
hadd Source file 230: ./e_90GeV_51th_306.root
hadd Source file 231: ./e_90GeV_51th_307.root
hadd Source file 232: ./e_90GeV_51th_308.root
hadd Source file 233: ./e_90GeV_51th_309.root
hadd Source file 234: ./e_90GeV_51th_30.root
hadd Source file 235: ./e_90GeV_51th_310.root
hadd Source file 236: ./e_90GeV_51th_311.root
hadd Source file 237: ./e_90GeV_51th_312.root
hadd Source file 238: ./e_90GeV_51th_313.root
hadd Source file 239: ./e_90GeV_51th_314.root
hadd Source file 240: ./e_90GeV_51th_315.root
hadd Source file 241: ./e_90GeV_51th_316.root
hadd Source file 242: ./e_90GeV_51th_317.root
hadd Source file 243: ./e_90GeV_51th_318.root
hadd Source file 244: ./e_90GeV_51th_319.root
hadd Source file 245: ./e_90GeV_51th_31.root
hadd Source file 246: ./e_90GeV_51th_320.root
hadd Source file 247: ./e_90GeV_51th_321.root
hadd Source file 248: ./e_90GeV_51th_322.root
hadd Source file 249: ./e_90GeV_51th_323.root
hadd Source file 250: ./e_90GeV_51th_324.root
hadd Source file 251: ./e_90GeV_51th_325.root
hadd Source file 252: ./e_90GeV_51th_326.root
hadd Source file 253: ./e_90GeV_51th_327.root
hadd Source file 254: ./e_90GeV_51th_328.root
hadd Source file 255: ./e_90GeV_51th_329.root
hadd Source file 256: ./e_90GeV_51th_32.root
hadd Source file 257: ./e_90GeV_51th_330.root
hadd Source file 258: ./e_90GeV_51th_331.root
hadd Source file 259: ./e_90GeV_51th_332.root
hadd Source file 260: ./e_90GeV_51th_333.root
hadd Source file 261: ./e_90GeV_51th_334.root
hadd Source file 262: ./e_90GeV_51th_335.root
hadd Source file 263: ./e_90GeV_51th_336.root
hadd Source file 264: ./e_90GeV_51th_337.root
hadd Source file 265: ./e_90GeV_51th_338.root
hadd Source file 266: ./e_90GeV_51th_339.root
hadd Source file 267: ./e_90GeV_51th_33.root
hadd Source file 268: ./e_90GeV_51th_340.root
hadd Source file 269: ./e_90GeV_51th_341.root
hadd Source file 270: ./e_90GeV_51th_342.root
hadd Source file 271: ./e_90GeV_51th_343.root
hadd Source file 272: ./e_90GeV_51th_344.root
hadd Source file 273: ./e_90GeV_51th_345.root
hadd Source file 274: ./e_90GeV_51th_346.root
hadd Source file 275: ./e_90GeV_51th_347.root
hadd Source file 276: ./e_90GeV_51th_348.root
hadd Source file 277: ./e_90GeV_51th_349.root
hadd Source file 278: ./e_90GeV_51th_34.root
hadd Source file 279: ./e_90GeV_51th_350.root
hadd Source file 280: ./e_90GeV_51th_351.root
hadd Source file 281: ./e_90GeV_51th_352.root
hadd Source file 282: ./e_90GeV_51th_353.root
hadd Source file 283: ./e_90GeV_51th_354.root
hadd Source file 284: ./e_90GeV_51th_355.root
hadd Source file 285: ./e_90GeV_51th_356.root
hadd Source file 286: ./e_90GeV_51th_357.root
hadd Source file 287: ./e_90GeV_51th_358.root
hadd Source file 288: ./e_90GeV_51th_359.root
hadd Source file 289: ./e_90GeV_51th_35.root
hadd Source file 290: ./e_90GeV_51th_360.root
hadd Source file 291: ./e_90GeV_51th_361.root
hadd Source file 292: ./e_90GeV_51th_362.root
hadd Source file 293: ./e_90GeV_51th_363.root
hadd Source file 294: ./e_90GeV_51th_364.root
hadd Source file 295: ./e_90GeV_51th_365.root
hadd Source file 296: ./e_90GeV_51th_366.root
hadd Source file 297: ./e_90GeV_51th_367.root
hadd Source file 298: ./e_90GeV_51th_368.root
hadd Source file 299: ./e_90GeV_51th_369.root
hadd Source file 300: ./e_90GeV_51th_36.root
hadd Source file 301: ./e_90GeV_51th_370.root
hadd Source file 302: ./e_90GeV_51th_371.root
hadd Source file 303: ./e_90GeV_51th_372.root
hadd Source file 304: ./e_90GeV_51th_373.root
hadd Source file 305: ./e_90GeV_51th_374.root
hadd Source file 306: ./e_90GeV_51th_375.root
hadd Source file 307: ./e_90GeV_51th_376.root
hadd Source file 308: ./e_90GeV_51th_377.root
hadd Source file 309: ./e_90GeV_51th_378.root
hadd Source file 310: ./e_90GeV_51th_379.root
hadd Source file 311: ./e_90GeV_51th_37.root
hadd Source file 312: ./e_90GeV_51th_380.root
hadd Source file 313: ./e_90GeV_51th_381.root
hadd Source file 314: ./e_90GeV_51th_382.root
hadd Source file 315: ./e_90GeV_51th_383.root
hadd Source file 316: ./e_90GeV_51th_384.root
hadd Source file 317: ./e_90GeV_51th_385.root
hadd Source file 318: ./e_90GeV_51th_386.root
hadd Source file 319: ./e_90GeV_51th_387.root
hadd Source file 320: ./e_90GeV_51th_388.root
hadd Source file 321: ./e_90GeV_51th_389.root
hadd Source file 322: ./e_90GeV_51th_38.root
hadd Source file 323: ./e_90GeV_51th_390.root
hadd Source file 324: ./e_90GeV_51th_391.root
hadd Source file 325: ./e_90GeV_51th_392.root
hadd Source file 326: ./e_90GeV_51th_393.root
hadd Source file 327: ./e_90GeV_51th_394.root
hadd Source file 328: ./e_90GeV_51th_395.root
hadd Source file 329: ./e_90GeV_51th_396.root
hadd Source file 330: ./e_90GeV_51th_397.root
hadd Source file 331: ./e_90GeV_51th_398.root
hadd Source file 332: ./e_90GeV_51th_399.root
hadd Source file 333: ./e_90GeV_51th_39.root
hadd Source file 334: ./e_90GeV_51th_3.root
hadd Source file 335: ./e_90GeV_51th_400.root
hadd Source file 336: ./e_90GeV_51th_401.root
hadd Source file 337: ./e_90GeV_51th_402.root
hadd Source file 338: ./e_90GeV_51th_403.root
hadd Source file 339: ./e_90GeV_51th_404.root
hadd Source file 340: ./e_90GeV_51th_405.root
hadd Source file 341: ./e_90GeV_51th_406.root
hadd Source file 342: ./e_90GeV_51th_407.root
hadd Source file 343: ./e_90GeV_51th_408.root
hadd Source file 344: ./e_90GeV_51th_409.root
hadd Source file 345: ./e_90GeV_51th_40.root
hadd Source file 346: ./e_90GeV_51th_410.root
hadd Source file 347: ./e_90GeV_51th_411.root
hadd Source file 348: ./e_90GeV_51th_412.root
hadd Source file 349: ./e_90GeV_51th_413.root
hadd Source file 350: ./e_90GeV_51th_414.root
hadd Source file 351: ./e_90GeV_51th_415.root
hadd Source file 352: ./e_90GeV_51th_416.root
hadd Source file 353: ./e_90GeV_51th_417.root
hadd Source file 354: ./e_90GeV_51th_418.root
hadd Source file 355: ./e_90GeV_51th_419.root
hadd Source file 356: ./e_90GeV_51th_41.root
hadd Source file 357: ./e_90GeV_51th_420.root
hadd Source file 358: ./e_90GeV_51th_421.root
hadd Source file 359: ./e_90GeV_51th_422.root
hadd Source file 360: ./e_90GeV_51th_423.root
hadd Source file 361: ./e_90GeV_51th_424.root
hadd Source file 362: ./e_90GeV_51th_425.root
hadd Source file 363: ./e_90GeV_51th_426.root
hadd Source file 364: ./e_90GeV_51th_427.root
hadd Source file 365: ./e_90GeV_51th_428.root
hadd Source file 366: ./e_90GeV_51th_429.root
hadd Source file 367: ./e_90GeV_51th_42.root
hadd Source file 368: ./e_90GeV_51th_430.root
hadd Source file 369: ./e_90GeV_51th_431.root
hadd Source file 370: ./e_90GeV_51th_432.root
hadd Source file 371: ./e_90GeV_51th_433.root
hadd Source file 372: ./e_90GeV_51th_434.root
hadd Source file 373: ./e_90GeV_51th_435.root
hadd Source file 374: ./e_90GeV_51th_436.root
hadd Source file 375: ./e_90GeV_51th_437.root
hadd Source file 376: ./e_90GeV_51th_438.root
hadd Source file 377: ./e_90GeV_51th_439.root
hadd Source file 378: ./e_90GeV_51th_43.root
hadd Source file 379: ./e_90GeV_51th_440.root
hadd Source file 380: ./e_90GeV_51th_441.root
hadd Source file 381: ./e_90GeV_51th_442.root
hadd Source file 382: ./e_90GeV_51th_443.root
hadd Source file 383: ./e_90GeV_51th_444.root
hadd Source file 384: ./e_90GeV_51th_445.root
hadd Source file 385: ./e_90GeV_51th_446.root
hadd Source file 386: ./e_90GeV_51th_447.root
hadd Source file 387: ./e_90GeV_51th_448.root
hadd Source file 388: ./e_90GeV_51th_449.root
hadd Source file 389: ./e_90GeV_51th_44.root
hadd Source file 390: ./e_90GeV_51th_450.root
hadd Source file 391: ./e_90GeV_51th_451.root
hadd Source file 392: ./e_90GeV_51th_452.root
hadd Source file 393: ./e_90GeV_51th_453.root
hadd Source file 394: ./e_90GeV_51th_454.root
hadd Source file 395: ./e_90GeV_51th_455.root
hadd Source file 396: ./e_90GeV_51th_456.root
hadd Source file 397: ./e_90GeV_51th_457.root
hadd Source file 398: ./e_90GeV_51th_458.root
hadd Source file 399: ./e_90GeV_51th_459.root
hadd Source file 400: ./e_90GeV_51th_45.root
hadd Source file 401: ./e_90GeV_51th_460.root
hadd Source file 402: ./e_90GeV_51th_461.root
hadd Source file 403: ./e_90GeV_51th_462.root
hadd Source file 404: ./e_90GeV_51th_463.root
hadd Source file 405: ./e_90GeV_51th_464.root
hadd Source file 406: ./e_90GeV_51th_465.root
hadd Source file 407: ./e_90GeV_51th_466.root
hadd Source file 408: ./e_90GeV_51th_467.root
hadd Source file 409: ./e_90GeV_51th_468.root
hadd Source file 410: ./e_90GeV_51th_469.root
hadd Source file 411: ./e_90GeV_51th_46.root
hadd Source file 412: ./e_90GeV_51th_470.root
hadd Source file 413: ./e_90GeV_51th_471.root
hadd Source file 414: ./e_90GeV_51th_472.root
hadd Source file 415: ./e_90GeV_51th_473.root
hadd Source file 416: ./e_90GeV_51th_474.root
hadd Source file 417: ./e_90GeV_51th_475.root
hadd Source file 418: ./e_90GeV_51th_476.root
hadd Source file 419: ./e_90GeV_51th_477.root
hadd Source file 420: ./e_90GeV_51th_478.root
hadd Source file 421: ./e_90GeV_51th_479.root
hadd Source file 422: ./e_90GeV_51th_47.root
hadd Source file 423: ./e_90GeV_51th_480.root
hadd Source file 424: ./e_90GeV_51th_481.root
hadd Source file 425: ./e_90GeV_51th_482.root
hadd Source file 426: ./e_90GeV_51th_483.root
hadd Source file 427: ./e_90GeV_51th_484.root
hadd Source file 428: ./e_90GeV_51th_485.root
hadd Source file 429: ./e_90GeV_51th_486.root
hadd Source file 430: ./e_90GeV_51th_487.root
hadd Source file 431: ./e_90GeV_51th_488.root
hadd Source file 432: ./e_90GeV_51th_489.root
hadd Source file 433: ./e_90GeV_51th_48.root
hadd Source file 434: ./e_90GeV_51th_490.root
hadd Source file 435: ./e_90GeV_51th_491.root
hadd Source file 436: ./e_90GeV_51th_492.root
hadd Source file 437: ./e_90GeV_51th_493.root
hadd Source file 438: ./e_90GeV_51th_494.root
hadd Source file 439: ./e_90GeV_51th_495.root
hadd Source file 440: ./e_90GeV_51th_496.root
hadd Source file 441: ./e_90GeV_51th_497.root
hadd Source file 442: ./e_90GeV_51th_498.root
hadd Source file 443: ./e_90GeV_51th_499.root
hadd Source file 444: ./e_90GeV_51th_49.root
hadd Source file 445: ./e_90GeV_51th_4.root
hadd Source file 446: ./e_90GeV_51th_50.root
hadd Source file 447: ./e_90GeV_51th_51.root
hadd Source file 448: ./e_90GeV_51th_52.root
hadd Source file 449: ./e_90GeV_51th_53.root
hadd Source file 450: ./e_90GeV_51th_54.root
hadd Source file 451: ./e_90GeV_51th_55.root
hadd Source file 452: ./e_90GeV_51th_56.root
hadd Source file 453: ./e_90GeV_51th_57.root
hadd Source file 454: ./e_90GeV_51th_58.root
hadd Source file 455: ./e_90GeV_51th_59.root
hadd Source file 456: ./e_90GeV_51th_5.root
hadd Source file 457: ./e_90GeV_51th_60.root
hadd Source file 458: ./e_90GeV_51th_61.root
hadd Source file 459: ./e_90GeV_51th_62.root
hadd Source file 460: ./e_90GeV_51th_63.root
hadd Source file 461: ./e_90GeV_51th_64.root
hadd Source file 462: ./e_90GeV_51th_65.root
hadd Source file 463: ./e_90GeV_51th_66.root
hadd Source file 464: ./e_90GeV_51th_67.root
hadd Source file 465: ./e_90GeV_51th_68.root
hadd Source file 466: ./e_90GeV_51th_69.root
hadd Source file 467: ./e_90GeV_51th_6.root
hadd Source file 468: ./e_90GeV_51th_70.root
hadd Source file 469: ./e_90GeV_51th_71.root
hadd Source file 470: ./e_90GeV_51th_72.root
hadd Source file 471: ./e_90GeV_51th_73.root
hadd Source file 472: ./e_90GeV_51th_74.root
hadd Source file 473: ./e_90GeV_51th_75.root
hadd Source file 474: ./e_90GeV_51th_76.root
hadd Source file 475: ./e_90GeV_51th_77.root
hadd Source file 476: ./e_90GeV_51th_78.root
hadd Source file 477: ./e_90GeV_51th_79.root
hadd Source file 478: ./e_90GeV_51th_7.root
hadd Source file 479: ./e_90GeV_51th_80.root
hadd Source file 480: ./e_90GeV_51th_81.root
hadd Source file 481: ./e_90GeV_51th_82.root
hadd Source file 482: ./e_90GeV_51th_83.root
hadd Source file 483: ./e_90GeV_51th_84.root
hadd Source file 484: ./e_90GeV_51th_85.root
hadd Source file 485: ./e_90GeV_51th_86.root
hadd Source file 486: ./e_90GeV_51th_87.root
hadd Source file 487: ./e_90GeV_51th_88.root
hadd Source file 488: ./e_90GeV_51th_89.root
hadd Source file 489: ./e_90GeV_51th_8.root
hadd Source file 490: ./e_90GeV_51th_90.root
hadd Source file 491: ./e_90GeV_51th_91.root
hadd Source file 492: ./e_90GeV_51th_92.root
hadd Source file 493: ./e_90GeV_51th_93.root
hadd Source file 494: ./e_90GeV_51th_94.root
hadd Source file 495: ./e_90GeV_51th_95.root
hadd Source file 496: ./e_90GeV_51th_96.root
hadd Source file 497: ./e_90GeV_51th_97.root
hadd Source file 498: ./e_90GeV_51th_98.root
hadd Source file 499: ./e_90GeV_51th_99.root
hadd Source file 500: ./e_90GeV_51th_9.root
hadd Target path: e_90GeV_51th.root:/
Analyzing 0th event ...
Analyzing 100th event ...
Analyzing 200th event ...
Analyzing 300th event ...
Analyzing 400th event ...
Analyzing 500th event ...
Analyzing 600th event ...
Analyzing 700th event ...
Analyzing 800th event ...
Analyzing 900th event ...
Info in <TCanvas::Print>: png file ./e_90GeV_51th/e_90GeV_51th_Edep.png has been created
Info in <TCanvas::Print>: png file ./e_90GeV_51th/e_90GeV_51th_EcsHist.png has been created
 FCN=6.90169 FROM MINOS     STATUS=SUCCESSFUL     41 CALLS         175 TOTAL
                     EDM=2.75412e-09    STRATEGY= 1      ERROR MATRIX ACCURATE 
  EXT PARAMETER                                   STEP         FIRST   
  NO.   NAME      VALUE            ERROR          SIZE      DERIVATIVE 
   1  Constant     3.28426e+02   1.24622e+01   5.99130e-02  -3.34391e-06
   2  Mean         9.04229e+01   6.89578e-02   1.25058e-05  -2.16816e-03
   3  Sigma        2.17145e+00   4.52016e-02   4.52016e-02  -9.08448e-02
 FCN=1.98633 FROM MINOS     STATUS=SUCCESSFUL     31 CALLS         178 TOTAL
                     EDM=2.30332e-08    STRATEGY= 1      ERROR MATRIX ACCURATE 
  EXT PARAMETER                                   STEP         FIRST   
  NO.   NAME      VALUE            ERROR          SIZE      DERIVATIVE 
   1  Constant     3.50869e+02   1.39559e+01   4.48184e-02  -6.82383e-08
   2  Mean         9.03602e+01   6.51502e-02   3.66734e-05  -3.42384e-04
   3  Sigma        2.04325e+00   4.94446e-02   4.94446e-02   2.10935e-02
Info in <TCanvas::Print>: png file ./e_90GeV_51th/e_90GeV_51th_Ecs.png has been created
 FCN=2.83728 FROM MINOS     STATUS=SUCCESSFUL     21 CALLS         166 TOTAL
                     EDM=3.0276e-07    STRATEGY= 1      ERROR MATRIX ACCURATE 
  EXT PARAMETER                                   STEP         FIRST   
  NO.   NAME      VALUE            ERROR          SIZE      DERIVATIVE 
   1  Constant     4.99682e+02   2.00487e+01  -1.89053e-01   1.37312e-06
   2  Mean         1.80747e+02   9.08547e-02   1.80107e-04   1.42282e-03
   3  Sigma        2.86631e+00   7.07220e-02   7.07220e-02  -2.96591e-02
Info in <TCanvas::Print>: png file ./e_90GeV_51th/e_90GeV_51th_Esum.png has been created
Info in <TCanvas::Print>: png file ./e_90GeV_51th/e_90GeV_51th_Pleak.png has been created
Info in <TCanvas::Print>: png file ./e_90GeV_51th/e_90GeV_51th_Pleak_nu.png has been created
Info in <TCanvas::Print>: png file ./e_90GeV_51th/e_90GeV_51th_SvsC.png has been created
Info in <TCanvas::Print>: png file ./e_90GeV_51th/e_90GeV_51th_tC.png has been created
Info in <TCanvas::Print>: png file ./e_90GeV_51th/e_90GeV_51th_tS.png has been created
Info in <TCanvas::Print>: png file ./e_90GeV_51th/e_90GeV_51th_wavC.png has been created
Info in <TCanvas::Print>: png file ./e_90GeV_51th/e_90GeV_51th_wavS.png has been created
Info in <TCanvas::Print>: png file ./e_90GeV_51th/e_90GeV_51th_nhitC.png has been created
Info in <TCanvas::Print>: png file ./e_90GeV_51th/e_90GeV_51th_nhitS.png has been created
mv: cannot stat ‘*.png’: No such file or directory
analysis and arranging directory is done for e- 90GeV
starting submit for 110 GeV e- and the output will be e_110GeV_51th.root

Submitting job(s)....................................................................................................................................................................................................................................................................................................................................................................................................................................................................................................................
500 job(s) submitted to cluster 1204.
Simulation is done
preparing analysis
hadd Target file: e_110GeV_51th.root
hadd compression setting for all output: 1
hadd Source file 1: ./e_110GeV_51th_0.root
hadd Source file 2: ./e_110GeV_51th_100.root
hadd Source file 3: ./e_110GeV_51th_101.root
hadd Source file 4: ./e_110GeV_51th_102.root
hadd Source file 5: ./e_110GeV_51th_103.root
hadd Source file 6: ./e_110GeV_51th_104.root
hadd Source file 7: ./e_110GeV_51th_105.root
hadd Source file 8: ./e_110GeV_51th_106.root
hadd Source file 9: ./e_110GeV_51th_107.root
hadd Source file 10: ./e_110GeV_51th_108.root
hadd Source file 11: ./e_110GeV_51th_109.root
hadd Source file 12: ./e_110GeV_51th_10.root
hadd Source file 13: ./e_110GeV_51th_110.root
hadd Source file 14: ./e_110GeV_51th_111.root
hadd Source file 15: ./e_110GeV_51th_112.root
hadd Source file 16: ./e_110GeV_51th_113.root
hadd Source file 17: ./e_110GeV_51th_114.root
hadd Source file 18: ./e_110GeV_51th_115.root
hadd Source file 19: ./e_110GeV_51th_116.root
hadd Source file 20: ./e_110GeV_51th_117.root
hadd Source file 21: ./e_110GeV_51th_118.root
hadd Source file 22: ./e_110GeV_51th_119.root
hadd Source file 23: ./e_110GeV_51th_11.root
hadd Source file 24: ./e_110GeV_51th_120.root
hadd Source file 25: ./e_110GeV_51th_121.root
hadd Source file 26: ./e_110GeV_51th_122.root
hadd Source file 27: ./e_110GeV_51th_123.root
hadd Source file 28: ./e_110GeV_51th_124.root
hadd Source file 29: ./e_110GeV_51th_125.root
hadd Source file 30: ./e_110GeV_51th_126.root
hadd Source file 31: ./e_110GeV_51th_127.root
hadd Source file 32: ./e_110GeV_51th_128.root
hadd Source file 33: ./e_110GeV_51th_129.root
hadd Source file 34: ./e_110GeV_51th_12.root
hadd Source file 35: ./e_110GeV_51th_130.root
hadd Source file 36: ./e_110GeV_51th_131.root
hadd Source file 37: ./e_110GeV_51th_132.root
hadd Source file 38: ./e_110GeV_51th_133.root
hadd Source file 39: ./e_110GeV_51th_134.root
hadd Source file 40: ./e_110GeV_51th_135.root
hadd Source file 41: ./e_110GeV_51th_136.root
hadd Source file 42: ./e_110GeV_51th_137.root
hadd Source file 43: ./e_110GeV_51th_138.root
hadd Source file 44: ./e_110GeV_51th_139.root
hadd Source file 45: ./e_110GeV_51th_13.root
hadd Source file 46: ./e_110GeV_51th_140.root
hadd Source file 47: ./e_110GeV_51th_141.root
hadd Source file 48: ./e_110GeV_51th_142.root
hadd Source file 49: ./e_110GeV_51th_143.root
hadd Source file 50: ./e_110GeV_51th_144.root
hadd Source file 51: ./e_110GeV_51th_145.root
hadd Source file 52: ./e_110GeV_51th_146.root
hadd Source file 53: ./e_110GeV_51th_147.root
hadd Source file 54: ./e_110GeV_51th_148.root
hadd Source file 55: ./e_110GeV_51th_149.root
hadd Source file 56: ./e_110GeV_51th_14.root
hadd Source file 57: ./e_110GeV_51th_150.root
hadd Source file 58: ./e_110GeV_51th_151.root
hadd Source file 59: ./e_110GeV_51th_152.root
hadd Source file 60: ./e_110GeV_51th_153.root
hadd Source file 61: ./e_110GeV_51th_154.root
hadd Source file 62: ./e_110GeV_51th_155.root
hadd Source file 63: ./e_110GeV_51th_156.root
hadd Source file 64: ./e_110GeV_51th_157.root
hadd Source file 65: ./e_110GeV_51th_158.root
hadd Source file 66: ./e_110GeV_51th_159.root
hadd Source file 67: ./e_110GeV_51th_15.root
hadd Source file 68: ./e_110GeV_51th_160.root
hadd Source file 69: ./e_110GeV_51th_161.root
hadd Source file 70: ./e_110GeV_51th_162.root
hadd Source file 71: ./e_110GeV_51th_163.root
hadd Source file 72: ./e_110GeV_51th_164.root
hadd Source file 73: ./e_110GeV_51th_165.root
hadd Source file 74: ./e_110GeV_51th_166.root
hadd Source file 75: ./e_110GeV_51th_167.root
hadd Source file 76: ./e_110GeV_51th_168.root
hadd Source file 77: ./e_110GeV_51th_169.root
hadd Source file 78: ./e_110GeV_51th_16.root
hadd Source file 79: ./e_110GeV_51th_170.root
hadd Source file 80: ./e_110GeV_51th_171.root
hadd Source file 81: ./e_110GeV_51th_172.root
hadd Source file 82: ./e_110GeV_51th_173.root
hadd Source file 83: ./e_110GeV_51th_174.root
hadd Source file 84: ./e_110GeV_51th_175.root
hadd Source file 85: ./e_110GeV_51th_176.root
hadd Source file 86: ./e_110GeV_51th_177.root
hadd Source file 87: ./e_110GeV_51th_178.root
hadd Source file 88: ./e_110GeV_51th_179.root
hadd Source file 89: ./e_110GeV_51th_17.root
hadd Source file 90: ./e_110GeV_51th_180.root
hadd Source file 91: ./e_110GeV_51th_181.root
hadd Source file 92: ./e_110GeV_51th_182.root
hadd Source file 93: ./e_110GeV_51th_183.root
hadd Source file 94: ./e_110GeV_51th_184.root
hadd Source file 95: ./e_110GeV_51th_185.root
hadd Source file 96: ./e_110GeV_51th_186.root
hadd Source file 97: ./e_110GeV_51th_187.root
hadd Source file 98: ./e_110GeV_51th_188.root
hadd Source file 99: ./e_110GeV_51th_189.root
hadd Source file 100: ./e_110GeV_51th_18.root
hadd Source file 101: ./e_110GeV_51th_190.root
hadd Source file 102: ./e_110GeV_51th_191.root
hadd Source file 103: ./e_110GeV_51th_192.root
hadd Source file 104: ./e_110GeV_51th_193.root
hadd Source file 105: ./e_110GeV_51th_194.root
hadd Source file 106: ./e_110GeV_51th_195.root
hadd Source file 107: ./e_110GeV_51th_196.root
hadd Source file 108: ./e_110GeV_51th_197.root
hadd Source file 109: ./e_110GeV_51th_198.root
hadd Source file 110: ./e_110GeV_51th_199.root
hadd Source file 111: ./e_110GeV_51th_19.root
hadd Source file 112: ./e_110GeV_51th_1.root
hadd Source file 113: ./e_110GeV_51th_200.root
hadd Source file 114: ./e_110GeV_51th_201.root
hadd Source file 115: ./e_110GeV_51th_202.root
hadd Source file 116: ./e_110GeV_51th_203.root
hadd Source file 117: ./e_110GeV_51th_204.root
hadd Source file 118: ./e_110GeV_51th_205.root
hadd Source file 119: ./e_110GeV_51th_206.root
hadd Source file 120: ./e_110GeV_51th_207.root
hadd Source file 121: ./e_110GeV_51th_208.root
hadd Source file 122: ./e_110GeV_51th_209.root
hadd Source file 123: ./e_110GeV_51th_20.root
hadd Source file 124: ./e_110GeV_51th_210.root
hadd Source file 125: ./e_110GeV_51th_211.root
hadd Source file 126: ./e_110GeV_51th_212.root
hadd Source file 127: ./e_110GeV_51th_213.root
hadd Source file 128: ./e_110GeV_51th_214.root
hadd Source file 129: ./e_110GeV_51th_215.root
hadd Source file 130: ./e_110GeV_51th_216.root
hadd Source file 131: ./e_110GeV_51th_217.root
hadd Source file 132: ./e_110GeV_51th_218.root
hadd Source file 133: ./e_110GeV_51th_219.root
hadd Source file 134: ./e_110GeV_51th_21.root
hadd Source file 135: ./e_110GeV_51th_220.root
hadd Source file 136: ./e_110GeV_51th_221.root
hadd Source file 137: ./e_110GeV_51th_222.root
hadd Source file 138: ./e_110GeV_51th_223.root
hadd Source file 139: ./e_110GeV_51th_224.root
hadd Source file 140: ./e_110GeV_51th_225.root
hadd Source file 141: ./e_110GeV_51th_226.root
hadd Source file 142: ./e_110GeV_51th_227.root
hadd Source file 143: ./e_110GeV_51th_228.root
hadd Source file 144: ./e_110GeV_51th_229.root
hadd Source file 145: ./e_110GeV_51th_22.root
hadd Source file 146: ./e_110GeV_51th_230.root
hadd Source file 147: ./e_110GeV_51th_231.root
hadd Source file 148: ./e_110GeV_51th_232.root
hadd Source file 149: ./e_110GeV_51th_233.root
hadd Source file 150: ./e_110GeV_51th_234.root
hadd Source file 151: ./e_110GeV_51th_235.root
hadd Source file 152: ./e_110GeV_51th_236.root
hadd Source file 153: ./e_110GeV_51th_237.root
hadd Source file 154: ./e_110GeV_51th_238.root
hadd Source file 155: ./e_110GeV_51th_239.root
hadd Source file 156: ./e_110GeV_51th_23.root
hadd Source file 157: ./e_110GeV_51th_240.root
hadd Source file 158: ./e_110GeV_51th_241.root
hadd Source file 159: ./e_110GeV_51th_242.root
hadd Source file 160: ./e_110GeV_51th_243.root
hadd Source file 161: ./e_110GeV_51th_244.root
hadd Source file 162: ./e_110GeV_51th_245.root
hadd Source file 163: ./e_110GeV_51th_246.root
hadd Source file 164: ./e_110GeV_51th_247.root
hadd Source file 165: ./e_110GeV_51th_248.root
hadd Source file 166: ./e_110GeV_51th_249.root
hadd Source file 167: ./e_110GeV_51th_24.root
hadd Source file 168: ./e_110GeV_51th_250.root
hadd Source file 169: ./e_110GeV_51th_251.root
hadd Source file 170: ./e_110GeV_51th_252.root
hadd Source file 171: ./e_110GeV_51th_253.root
hadd Source file 172: ./e_110GeV_51th_254.root
hadd Source file 173: ./e_110GeV_51th_255.root
hadd Source file 174: ./e_110GeV_51th_256.root
hadd Source file 175: ./e_110GeV_51th_257.root
hadd Source file 176: ./e_110GeV_51th_258.root
hadd Source file 177: ./e_110GeV_51th_259.root
hadd Source file 178: ./e_110GeV_51th_25.root
hadd Source file 179: ./e_110GeV_51th_260.root
hadd Source file 180: ./e_110GeV_51th_261.root
hadd Source file 181: ./e_110GeV_51th_262.root
hadd Source file 182: ./e_110GeV_51th_263.root
hadd Source file 183: ./e_110GeV_51th_264.root
hadd Source file 184: ./e_110GeV_51th_265.root
hadd Source file 185: ./e_110GeV_51th_266.root
hadd Source file 186: ./e_110GeV_51th_267.root
hadd Source file 187: ./e_110GeV_51th_268.root
hadd Source file 188: ./e_110GeV_51th_269.root
hadd Source file 189: ./e_110GeV_51th_26.root
hadd Source file 190: ./e_110GeV_51th_270.root
hadd Source file 191: ./e_110GeV_51th_271.root
hadd Source file 192: ./e_110GeV_51th_272.root
hadd Source file 193: ./e_110GeV_51th_273.root
hadd Source file 194: ./e_110GeV_51th_274.root
hadd Source file 195: ./e_110GeV_51th_275.root
hadd Source file 196: ./e_110GeV_51th_276.root
hadd Source file 197: ./e_110GeV_51th_277.root
hadd Source file 198: ./e_110GeV_51th_278.root
hadd Source file 199: ./e_110GeV_51th_279.root
hadd Source file 200: ./e_110GeV_51th_27.root
hadd Source file 201: ./e_110GeV_51th_280.root
hadd Source file 202: ./e_110GeV_51th_281.root
hadd Source file 203: ./e_110GeV_51th_282.root
hadd Source file 204: ./e_110GeV_51th_283.root
hadd Source file 205: ./e_110GeV_51th_284.root
hadd Source file 206: ./e_110GeV_51th_285.root
hadd Source file 207: ./e_110GeV_51th_286.root
hadd Source file 208: ./e_110GeV_51th_287.root
hadd Source file 209: ./e_110GeV_51th_288.root
hadd Source file 210: ./e_110GeV_51th_289.root
hadd Source file 211: ./e_110GeV_51th_28.root
hadd Source file 212: ./e_110GeV_51th_290.root
hadd Source file 213: ./e_110GeV_51th_291.root
hadd Source file 214: ./e_110GeV_51th_292.root
hadd Source file 215: ./e_110GeV_51th_293.root
hadd Source file 216: ./e_110GeV_51th_294.root
hadd Source file 217: ./e_110GeV_51th_295.root
hadd Source file 218: ./e_110GeV_51th_296.root
hadd Source file 219: ./e_110GeV_51th_297.root
hadd Source file 220: ./e_110GeV_51th_298.root
hadd Source file 221: ./e_110GeV_51th_299.root
hadd Source file 222: ./e_110GeV_51th_29.root
hadd Source file 223: ./e_110GeV_51th_2.root
hadd Source file 224: ./e_110GeV_51th_300.root
hadd Source file 225: ./e_110GeV_51th_301.root
hadd Source file 226: ./e_110GeV_51th_302.root
hadd Source file 227: ./e_110GeV_51th_303.root
hadd Source file 228: ./e_110GeV_51th_304.root
hadd Source file 229: ./e_110GeV_51th_305.root
hadd Source file 230: ./e_110GeV_51th_306.root
hadd Source file 231: ./e_110GeV_51th_307.root
hadd Source file 232: ./e_110GeV_51th_308.root
hadd Source file 233: ./e_110GeV_51th_309.root
hadd Source file 234: ./e_110GeV_51th_30.root
hadd Source file 235: ./e_110GeV_51th_310.root
hadd Source file 236: ./e_110GeV_51th_311.root
hadd Source file 237: ./e_110GeV_51th_312.root
hadd Source file 238: ./e_110GeV_51th_313.root
hadd Source file 239: ./e_110GeV_51th_314.root
hadd Source file 240: ./e_110GeV_51th_315.root
hadd Source file 241: ./e_110GeV_51th_316.root
hadd Source file 242: ./e_110GeV_51th_317.root
hadd Source file 243: ./e_110GeV_51th_318.root
hadd Source file 244: ./e_110GeV_51th_319.root
hadd Source file 245: ./e_110GeV_51th_31.root
hadd Source file 246: ./e_110GeV_51th_320.root
hadd Source file 247: ./e_110GeV_51th_321.root
hadd Source file 248: ./e_110GeV_51th_322.root
hadd Source file 249: ./e_110GeV_51th_323.root
hadd Source file 250: ./e_110GeV_51th_324.root
hadd Source file 251: ./e_110GeV_51th_325.root
hadd Source file 252: ./e_110GeV_51th_326.root
hadd Source file 253: ./e_110GeV_51th_327.root
hadd Source file 254: ./e_110GeV_51th_328.root
hadd Source file 255: ./e_110GeV_51th_329.root
hadd Source file 256: ./e_110GeV_51th_32.root
hadd Source file 257: ./e_110GeV_51th_330.root
hadd Source file 258: ./e_110GeV_51th_331.root
hadd Source file 259: ./e_110GeV_51th_332.root
hadd Source file 260: ./e_110GeV_51th_333.root
hadd Source file 261: ./e_110GeV_51th_334.root
hadd Source file 262: ./e_110GeV_51th_335.root
hadd Source file 263: ./e_110GeV_51th_336.root
hadd Source file 264: ./e_110GeV_51th_337.root
hadd Source file 265: ./e_110GeV_51th_338.root
hadd Source file 266: ./e_110GeV_51th_339.root
hadd Source file 267: ./e_110GeV_51th_33.root
hadd Source file 268: ./e_110GeV_51th_340.root
hadd Source file 269: ./e_110GeV_51th_341.root
hadd Source file 270: ./e_110GeV_51th_342.root
hadd Source file 271: ./e_110GeV_51th_343.root
hadd Source file 272: ./e_110GeV_51th_344.root
hadd Source file 273: ./e_110GeV_51th_345.root
hadd Source file 274: ./e_110GeV_51th_346.root
hadd Source file 275: ./e_110GeV_51th_347.root
hadd Source file 276: ./e_110GeV_51th_348.root
hadd Source file 277: ./e_110GeV_51th_349.root
hadd Source file 278: ./e_110GeV_51th_34.root
hadd Source file 279: ./e_110GeV_51th_350.root
hadd Source file 280: ./e_110GeV_51th_351.root
hadd Source file 281: ./e_110GeV_51th_352.root
hadd Source file 282: ./e_110GeV_51th_353.root
hadd Source file 283: ./e_110GeV_51th_354.root
hadd Source file 284: ./e_110GeV_51th_355.root
hadd Source file 285: ./e_110GeV_51th_356.root
hadd Source file 286: ./e_110GeV_51th_357.root
hadd Source file 287: ./e_110GeV_51th_358.root
hadd Source file 288: ./e_110GeV_51th_359.root
hadd Source file 289: ./e_110GeV_51th_35.root
hadd Source file 290: ./e_110GeV_51th_360.root
hadd Source file 291: ./e_110GeV_51th_361.root
hadd Source file 292: ./e_110GeV_51th_362.root
hadd Source file 293: ./e_110GeV_51th_363.root
hadd Source file 294: ./e_110GeV_51th_364.root
hadd Source file 295: ./e_110GeV_51th_365.root
hadd Source file 296: ./e_110GeV_51th_366.root
hadd Source file 297: ./e_110GeV_51th_367.root
hadd Source file 298: ./e_110GeV_51th_368.root
hadd Source file 299: ./e_110GeV_51th_369.root
hadd Source file 300: ./e_110GeV_51th_36.root
hadd Source file 301: ./e_110GeV_51th_370.root
hadd Source file 302: ./e_110GeV_51th_371.root
hadd Source file 303: ./e_110GeV_51th_372.root
hadd Source file 304: ./e_110GeV_51th_373.root
hadd Source file 305: ./e_110GeV_51th_374.root
hadd Source file 306: ./e_110GeV_51th_375.root
hadd Source file 307: ./e_110GeV_51th_376.root
hadd Source file 308: ./e_110GeV_51th_377.root
hadd Source file 309: ./e_110GeV_51th_378.root
hadd Source file 310: ./e_110GeV_51th_379.root
hadd Source file 311: ./e_110GeV_51th_37.root
hadd Source file 312: ./e_110GeV_51th_380.root
hadd Source file 313: ./e_110GeV_51th_381.root
hadd Source file 314: ./e_110GeV_51th_382.root
hadd Source file 315: ./e_110GeV_51th_383.root
hadd Source file 316: ./e_110GeV_51th_384.root
hadd Source file 317: ./e_110GeV_51th_385.root
hadd Source file 318: ./e_110GeV_51th_386.root
hadd Source file 319: ./e_110GeV_51th_387.root
hadd Source file 320: ./e_110GeV_51th_388.root
hadd Source file 321: ./e_110GeV_51th_389.root
hadd Source file 322: ./e_110GeV_51th_38.root
hadd Source file 323: ./e_110GeV_51th_390.root
hadd Source file 324: ./e_110GeV_51th_391.root
hadd Source file 325: ./e_110GeV_51th_392.root
hadd Source file 326: ./e_110GeV_51th_393.root
hadd Source file 327: ./e_110GeV_51th_394.root
hadd Source file 328: ./e_110GeV_51th_395.root
hadd Source file 329: ./e_110GeV_51th_396.root
hadd Source file 330: ./e_110GeV_51th_397.root
hadd Source file 331: ./e_110GeV_51th_398.root
hadd Source file 332: ./e_110GeV_51th_399.root
hadd Source file 333: ./e_110GeV_51th_39.root
hadd Source file 334: ./e_110GeV_51th_3.root
hadd Source file 335: ./e_110GeV_51th_400.root
hadd Source file 336: ./e_110GeV_51th_401.root
hadd Source file 337: ./e_110GeV_51th_402.root
hadd Source file 338: ./e_110GeV_51th_403.root
hadd Source file 339: ./e_110GeV_51th_404.root
hadd Source file 340: ./e_110GeV_51th_405.root
hadd Source file 341: ./e_110GeV_51th_406.root
hadd Source file 342: ./e_110GeV_51th_407.root
hadd Source file 343: ./e_110GeV_51th_408.root
hadd Source file 344: ./e_110GeV_51th_409.root
hadd Source file 345: ./e_110GeV_51th_40.root
hadd Source file 346: ./e_110GeV_51th_410.root
hadd Source file 347: ./e_110GeV_51th_411.root
hadd Source file 348: ./e_110GeV_51th_412.root
hadd Source file 349: ./e_110GeV_51th_413.root
hadd Source file 350: ./e_110GeV_51th_414.root
hadd Source file 351: ./e_110GeV_51th_415.root
hadd Source file 352: ./e_110GeV_51th_416.root
hadd Source file 353: ./e_110GeV_51th_417.root
hadd Source file 354: ./e_110GeV_51th_418.root
hadd Source file 355: ./e_110GeV_51th_419.root
hadd Source file 356: ./e_110GeV_51th_41.root
hadd Source file 357: ./e_110GeV_51th_420.root
hadd Source file 358: ./e_110GeV_51th_421.root
hadd Source file 359: ./e_110GeV_51th_422.root
hadd Source file 360: ./e_110GeV_51th_423.root
hadd Source file 361: ./e_110GeV_51th_424.root
hadd Source file 362: ./e_110GeV_51th_425.root
hadd Source file 363: ./e_110GeV_51th_426.root
hadd Source file 364: ./e_110GeV_51th_427.root
hadd Source file 365: ./e_110GeV_51th_428.root
hadd Source file 366: ./e_110GeV_51th_429.root
hadd Source file 367: ./e_110GeV_51th_42.root
hadd Source file 368: ./e_110GeV_51th_430.root
hadd Source file 369: ./e_110GeV_51th_431.root
hadd Source file 370: ./e_110GeV_51th_432.root
hadd Source file 371: ./e_110GeV_51th_433.root
hadd Source file 372: ./e_110GeV_51th_434.root
hadd Source file 373: ./e_110GeV_51th_435.root
hadd Source file 374: ./e_110GeV_51th_436.root
hadd Source file 375: ./e_110GeV_51th_437.root
hadd Source file 376: ./e_110GeV_51th_438.root
hadd Source file 377: ./e_110GeV_51th_439.root
hadd Source file 378: ./e_110GeV_51th_43.root
hadd Source file 379: ./e_110GeV_51th_440.root
hadd Source file 380: ./e_110GeV_51th_441.root
hadd Source file 381: ./e_110GeV_51th_442.root
hadd Source file 382: ./e_110GeV_51th_443.root
hadd Source file 383: ./e_110GeV_51th_444.root
hadd Source file 384: ./e_110GeV_51th_445.root
hadd Source file 385: ./e_110GeV_51th_446.root
hadd Source file 386: ./e_110GeV_51th_447.root
hadd Source file 387: ./e_110GeV_51th_448.root
hadd Source file 388: ./e_110GeV_51th_449.root
hadd Source file 389: ./e_110GeV_51th_44.root
hadd Source file 390: ./e_110GeV_51th_450.root
hadd Source file 391: ./e_110GeV_51th_451.root
hadd Source file 392: ./e_110GeV_51th_452.root
hadd Source file 393: ./e_110GeV_51th_453.root
hadd Source file 394: ./e_110GeV_51th_454.root
hadd Source file 395: ./e_110GeV_51th_455.root
hadd Source file 396: ./e_110GeV_51th_456.root
hadd Source file 397: ./e_110GeV_51th_457.root
hadd Source file 398: ./e_110GeV_51th_458.root
hadd Source file 399: ./e_110GeV_51th_459.root
hadd Source file 400: ./e_110GeV_51th_45.root
hadd Source file 401: ./e_110GeV_51th_460.root
hadd Source file 402: ./e_110GeV_51th_461.root
hadd Source file 403: ./e_110GeV_51th_462.root
hadd Source file 404: ./e_110GeV_51th_463.root
hadd Source file 405: ./e_110GeV_51th_464.root
hadd Source file 406: ./e_110GeV_51th_465.root
hadd Source file 407: ./e_110GeV_51th_466.root
hadd Source file 408: ./e_110GeV_51th_467.root
hadd Source file 409: ./e_110GeV_51th_468.root
hadd Source file 410: ./e_110GeV_51th_469.root
hadd Source file 411: ./e_110GeV_51th_46.root
hadd Source file 412: ./e_110GeV_51th_470.root
hadd Source file 413: ./e_110GeV_51th_471.root
hadd Source file 414: ./e_110GeV_51th_472.root
hadd Source file 415: ./e_110GeV_51th_473.root
hadd Source file 416: ./e_110GeV_51th_474.root
hadd Source file 417: ./e_110GeV_51th_475.root
hadd Source file 418: ./e_110GeV_51th_476.root
hadd Source file 419: ./e_110GeV_51th_477.root
hadd Source file 420: ./e_110GeV_51th_478.root
hadd Source file 421: ./e_110GeV_51th_479.root
hadd Source file 422: ./e_110GeV_51th_47.root
hadd Source file 423: ./e_110GeV_51th_480.root
hadd Source file 424: ./e_110GeV_51th_481.root
hadd Source file 425: ./e_110GeV_51th_482.root
hadd Source file 426: ./e_110GeV_51th_483.root
hadd Source file 427: ./e_110GeV_51th_484.root
hadd Source file 428: ./e_110GeV_51th_485.root
hadd Source file 429: ./e_110GeV_51th_486.root
hadd Source file 430: ./e_110GeV_51th_487.root
hadd Source file 431: ./e_110GeV_51th_488.root
hadd Source file 432: ./e_110GeV_51th_489.root
hadd Source file 433: ./e_110GeV_51th_48.root
hadd Source file 434: ./e_110GeV_51th_490.root
hadd Source file 435: ./e_110GeV_51th_491.root
hadd Source file 436: ./e_110GeV_51th_492.root
hadd Source file 437: ./e_110GeV_51th_493.root
hadd Source file 438: ./e_110GeV_51th_494.root
hadd Source file 439: ./e_110GeV_51th_495.root
hadd Source file 440: ./e_110GeV_51th_496.root
hadd Source file 441: ./e_110GeV_51th_497.root
hadd Source file 442: ./e_110GeV_51th_498.root
hadd Source file 443: ./e_110GeV_51th_499.root
hadd Source file 444: ./e_110GeV_51th_49.root
hadd Source file 445: ./e_110GeV_51th_4.root
hadd Source file 446: ./e_110GeV_51th_50.root
hadd Source file 447: ./e_110GeV_51th_51.root
hadd Source file 448: ./e_110GeV_51th_52.root
hadd Source file 449: ./e_110GeV_51th_53.root
hadd Source file 450: ./e_110GeV_51th_54.root
hadd Source file 451: ./e_110GeV_51th_55.root
hadd Source file 452: ./e_110GeV_51th_56.root
hadd Source file 453: ./e_110GeV_51th_57.root
hadd Source file 454: ./e_110GeV_51th_58.root
hadd Source file 455: ./e_110GeV_51th_59.root
hadd Source file 456: ./e_110GeV_51th_5.root
hadd Source file 457: ./e_110GeV_51th_60.root
hadd Source file 458: ./e_110GeV_51th_61.root
hadd Source file 459: ./e_110GeV_51th_62.root
hadd Source file 460: ./e_110GeV_51th_63.root
hadd Source file 461: ./e_110GeV_51th_64.root
hadd Source file 462: ./e_110GeV_51th_65.root
hadd Source file 463: ./e_110GeV_51th_66.root
hadd Source file 464: ./e_110GeV_51th_67.root
hadd Source file 465: ./e_110GeV_51th_68.root
hadd Source file 466: ./e_110GeV_51th_69.root
hadd Source file 467: ./e_110GeV_51th_6.root
hadd Source file 468: ./e_110GeV_51th_70.root
hadd Source file 469: ./e_110GeV_51th_71.root
hadd Source file 470: ./e_110GeV_51th_72.root
hadd Source file 471: ./e_110GeV_51th_73.root
hadd Source file 472: ./e_110GeV_51th_74.root
hadd Source file 473: ./e_110GeV_51th_75.root
hadd Source file 474: ./e_110GeV_51th_76.root
hadd Source file 475: ./e_110GeV_51th_77.root
hadd Source file 476: ./e_110GeV_51th_78.root
hadd Source file 477: ./e_110GeV_51th_79.root
hadd Source file 478: ./e_110GeV_51th_7.root
hadd Source file 479: ./e_110GeV_51th_80.root
hadd Source file 480: ./e_110GeV_51th_81.root
hadd Source file 481: ./e_110GeV_51th_82.root
hadd Source file 482: ./e_110GeV_51th_83.root
hadd Source file 483: ./e_110GeV_51th_84.root
hadd Source file 484: ./e_110GeV_51th_85.root
hadd Source file 485: ./e_110GeV_51th_86.root
hadd Source file 486: ./e_110GeV_51th_87.root
hadd Source file 487: ./e_110GeV_51th_88.root
hadd Source file 488: ./e_110GeV_51th_89.root
hadd Source file 489: ./e_110GeV_51th_8.root
hadd Source file 490: ./e_110GeV_51th_90.root
hadd Source file 491: ./e_110GeV_51th_91.root
hadd Source file 492: ./e_110GeV_51th_92.root
hadd Source file 493: ./e_110GeV_51th_93.root
hadd Source file 494: ./e_110GeV_51th_94.root
hadd Source file 495: ./e_110GeV_51th_95.root
hadd Source file 496: ./e_110GeV_51th_96.root
hadd Source file 497: ./e_110GeV_51th_97.root
hadd Source file 498: ./e_110GeV_51th_98.root
hadd Source file 499: ./e_110GeV_51th_99.root
hadd Source file 500: ./e_110GeV_51th_9.root
hadd Target path: e_110GeV_51th.root:/
Analyzing 0th event ...
Analyzing 100th event ...
Analyzing 200th event ...
Analyzing 300th event ...
Analyzing 400th event ...
Analyzing 500th event ...
Analyzing 600th event ...
Analyzing 700th event ...
Analyzing 800th event ...
Analyzing 900th event ...
Info in <TCanvas::Print>: png file ./e_110GeV_51th/e_110GeV_51th_Edep.png has been created
Info in <TCanvas::Print>: png file ./e_110GeV_51th/e_110GeV_51th_EcsHist.png has been created
 FCN=8.7675 FROM MINOS     STATUS=SUCCESSFUL     21 CALLS         185 TOTAL
                     EDM=9.47908e-12    STRATEGY= 1      ERROR MATRIX ACCURATE 
  EXT PARAMETER                                   STEP         FIRST   
  NO.   NAME      VALUE            ERROR          SIZE      DERIVATIVE 
   1  Constant     3.34907e+02   1.30215e+01  -1.69757e-01   6.04516e-07
   2  Mean         1.10488e+02   8.25969e-02   1.79590e-04   5.42318e-04
   3  Sigma        2.59772e+00   5.82742e-02   5.82742e-02  -1.96361e-02
 FCN=4.38294 FROM MINOS     STATUS=SUCCESSFUL     21 CALLS         173 TOTAL
                     EDM=5.71738e-09    STRATEGY= 1      ERROR MATRIX ACCURATE 
  EXT PARAMETER                                   STEP         FIRST   
  NO.   NAME      VALUE            ERROR          SIZE      DERIVATIVE 
   1  Constant     3.87040e+02   1.56451e+01  -1.35558e-01   1.12312e-05
   2  Mean         1.10524e+02   7.18943e-02   3.11080e-04   4.84770e-03
   3  Sigma        2.25906e+00   5.71223e-02   5.71223e-02  -3.93718e-02
Info in <TCanvas::Print>: png file ./e_110GeV_51th/e_110GeV_51th_Ecs.png has been created
 FCN=6.01339 FROM MINOS     STATUS=SUCCESSFUL     21 CALLS         177 TOTAL
                     EDM=1.25744e-06    STRATEGY= 1      ERROR MATRIX ACCURATE 
  EXT PARAMETER                                   STEP         FIRST   
  NO.   NAME      VALUE            ERROR          SIZE      DERIVATIVE 
   1  Constant     5.50951e+02   2.19959e+01  -2.20050e-01   3.62206e-07
   2  Mean         2.21017e+02   1.01270e-01   2.22889e-04   3.37621e-04
   3  Sigma        3.16689e+00   7.67892e-02   7.67892e-02  -1.06933e-01
Info in <TCanvas::Print>: png file ./e_110GeV_51th/e_110GeV_51th_Esum.png has been created
Info in <TCanvas::Print>: png file ./e_110GeV_51th/e_110GeV_51th_Pleak.png has been created
Info in <TCanvas::Print>: png file ./e_110GeV_51th/e_110GeV_51th_Pleak_nu.png has been created
Info in <TCanvas::Print>: png file ./e_110GeV_51th/e_110GeV_51th_SvsC.png has been created
Info in <TCanvas::Print>: png file ./e_110GeV_51th/e_110GeV_51th_tC.png has been created
Info in <TCanvas::Print>: png file ./e_110GeV_51th/e_110GeV_51th_tS.png has been created
Info in <TCanvas::Print>: png file ./e_110GeV_51th/e_110GeV_51th_wavC.png has been created
Info in <TCanvas::Print>: png file ./e_110GeV_51th/e_110GeV_51th_wavS.png has been created
Info in <TCanvas::Print>: png file ./e_110GeV_51th/e_110GeV_51th_nhitC.png has been created
Info in <TCanvas::Print>: png file ./e_110GeV_51th/e_110GeV_51th_nhitS.png has been created
mv: cannot stat ‘*.png’: No such file or directory
analysis and arranging directory is done for e- 110GeV
