000 (1205.011.000) 01/12 11:00:40 Job submitted from host: <134.75.123.129:9618?addrs=134.75.123.129-9618&noUDP&sock=11516_98bb_3>
...
001 (1205.011.000) 01/12 11:00:51 Job executing on host: <134.75.123.134:9618?addrs=134.75.123.134-9618&noUDP&sock=6323_a16b_3>
...
006 (1205.011.000) 01/12 11:01:00 Image size of job updated: 529912
	518  -  MemoryUsage of job (MB)
	529876  -  ResidentSetSize of job (KB)
...
006 (1205.011.000) 01/12 11:01:17 Image size of job updated: 806600
	788  -  MemoryUsage of job (MB)
	806600  -  ResidentSetSize of job (KB)
...
004 (1205.011.000) 01/12 11:01:17 Job was evicted.
	(0) Job was not checkpointed.
		Usr 0 00:00:19, Sys 0 00:00:04  -  Run Remote Usage
		Usr 0 00:00:00, Sys 0 00:00:00  -  Run Local Usage
	0  -  Run Bytes Sent By Job
	44616148  -  Run Bytes Received By Job
	Partitionable Resources :    Usage  Request Allocated 
	   Cpus                 :     0.98        1         1 
	   Disk (KB)            : 43588       45000    313921 
	   Memory (MB)          :   788        3072      3072 
...
009 (1205.011.000) 01/12 11:01:17 Job was aborted by the user.
	via condor_rm (by user tikim98)
...
