000 (1205.137.000) 01/12 11:00:40 Job submitted from host: <134.75.123.129:9618?addrs=134.75.123.129-9618&noUDP&sock=11516_98bb_3>
...
001 (1205.137.000) 01/12 11:01:00 Job executing on host: <134.75.123.135:9618?addrs=134.75.123.135-9618&noUDP&sock=12502_e91d_3>
...
006 (1205.137.000) 01/12 11:01:09 Image size of job updated: 362456
	354  -  MemoryUsage of job (MB)
	362456  -  ResidentSetSize of job (KB)
...
006 (1205.137.000) 01/12 11:01:22 Image size of job updated: 554852
	542  -  MemoryUsage of job (MB)
	554852  -  ResidentSetSize of job (KB)
...
004 (1205.137.000) 01/12 11:01:22 Job was evicted.
	(0) Job was not checkpointed.
		Usr 0 00:00:13, Sys 0 00:00:05  -  Run Remote Usage
		Usr 0 00:00:00, Sys 0 00:00:00  -  Run Local Usage
	0  -  Run Bytes Sent By Job
	44616148  -  Run Bytes Received By Job
	Partitionable Resources :    Usage  Request Allocated 
	   Cpus                 :     0.97        1         1 
	   Disk (KB)            : 43587       45000    313936 
	   Memory (MB)          :   542        3072      3072 
...
009 (1205.137.000) 01/12 11:01:24 Job was aborted by the user.
	via condor_rm (by user tikim98)
...
