000 (1205.145.000) 01/12 11:00:40 Job submitted from host: <134.75.123.129:9618?addrs=134.75.123.129-9618&noUDP&sock=11516_98bb_3>
...
001 (1205.145.000) 01/12 11:01:01 Job executing on host: <134.75.123.136:9618?addrs=134.75.123.136-9618&noUDP&sock=12698_59ad_3>
...
006 (1205.145.000) 01/12 11:01:10 Image size of job updated: 325064
	318  -  MemoryUsage of job (MB)
	324996  -  ResidentSetSize of job (KB)
...
006 (1205.145.000) 01/12 11:01:21 Image size of job updated: 575464
	562  -  MemoryUsage of job (MB)
	575448  -  ResidentSetSize of job (KB)
...
004 (1205.145.000) 01/12 11:01:21 Job was evicted.
	(0) Job was not checkpointed.
		Usr 0 00:00:13, Sys 0 00:00:04  -  Run Remote Usage
		Usr 0 00:00:00, Sys 0 00:00:00  -  Run Local Usage
	0  -  Run Bytes Sent By Job
	44616148  -  Run Bytes Received By Job
	Partitionable Resources :    Usage  Request Allocated 
	   Cpus                 :     0.98        1         1 
	   Disk (KB)            : 43587       45000    313938 
	   Memory (MB)          :   562        3072      3072 
...
009 (1205.145.000) 01/12 11:01:23 Job was aborted by the user.
	via condor_rm (by user tikim98)
...
