000 (1205.182.000) 01/12 11:00:41 Job submitted from host: <134.75.123.129:9618?addrs=134.75.123.129-9618&noUDP&sock=11516_98bb_3>
...
001 (1205.182.000) 01/12 11:01:04 Job executing on host: <134.75.123.131:9618?addrs=134.75.123.131-9618&noUDP&sock=12725_debb_3>
...
006 (1205.182.000) 01/12 11:01:13 Image size of job updated: 282416
	276  -  MemoryUsage of job (MB)
	282228  -  ResidentSetSize of job (KB)
...
006 (1205.182.000) 01/12 11:01:25 Image size of job updated: 1190736
	276  -  MemoryUsage of job (MB)
	282340  -  ResidentSetSize of job (KB)
...
004 (1205.182.000) 01/12 11:01:25 Job was evicted.
	(0) Job was not checkpointed.
		Usr 0 00:00:12, Sys 0 00:00:05  -  Run Remote Usage
		Usr 0 00:00:00, Sys 0 00:00:00  -  Run Local Usage
	0  -  Run Bytes Sent By Job
	44616148  -  Run Bytes Received By Job
	Partitionable Resources :    Usage  Request Allocated 
	   Cpus                 :     0.97        1         1 
	   Disk (KB)            : 43587       45000    313939 
	   Memory (MB)          :   276        3072      3072 
...
009 (1205.182.000) 01/12 11:01:26 Job was aborted by the user.
	via condor_rm (by user tikim98)
...
