000 (1205.195.000) 01/12 11:00:41 Job submitted from host: <134.75.123.129:9618?addrs=134.75.123.129-9618&noUDP&sock=11516_98bb_3>
...
001 (1205.195.000) 01/12 11:01:05 Job executing on host: <134.75.123.130:9618?addrs=134.75.123.130-9618&noUDP&sock=12431_35e3_3>
...
006 (1205.195.000) 01/12 11:01:14 Image size of job updated: 225708
	221  -  MemoryUsage of job (MB)
	225680  -  ResidentSetSize of job (KB)
...
006 (1205.195.000) 01/12 11:01:25 Image size of job updated: 1088036
	223  -  MemoryUsage of job (MB)
	227632  -  ResidentSetSize of job (KB)
...
004 (1205.195.000) 01/12 11:01:25 Job was evicted.
	(0) Job was not checkpointed.
		Usr 0 00:00:12, Sys 0 00:00:05  -  Run Remote Usage
		Usr 0 00:00:00, Sys 0 00:00:00  -  Run Local Usage
	0  -  Run Bytes Sent By Job
	44616148  -  Run Bytes Received By Job
	Partitionable Resources :    Usage  Request Allocated 
	   Cpus                 :     0.96        1         1 
	   Disk (KB)            : 43587       45000    313936 
	   Memory (MB)          :   223        3072      3072 
...
009 (1205.195.000) 01/12 11:01:29 Job was aborted by the user.
	via condor_rm (by user tikim98)
...
