000 (1205.217.000) 01/12 11:00:41 Job submitted from host: <134.75.123.129:9618?addrs=134.75.123.129-9618&noUDP&sock=11516_98bb_3>
...
001 (1205.217.000) 01/12 11:01:07 Job executing on host: <134.75.123.137:9618?addrs=134.75.123.137-9618&noUDP&sock=12495_1bf3_3>
...
006 (1205.217.000) 01/12 11:01:15 Image size of job updated: 241928
	237  -  MemoryUsage of job (MB)
	241928  -  ResidentSetSize of job (KB)
...
006 (1205.217.000) 01/12 11:01:25 Image size of job updated: 1045680
	237  -  MemoryUsage of job (MB)
	242588  -  ResidentSetSize of job (KB)
...
004 (1205.217.000) 01/12 11:01:25 Job was evicted.
	(0) Job was not checkpointed.
		Usr 0 00:00:10, Sys 0 00:00:04  -  Run Remote Usage
		Usr 0 00:00:00, Sys 0 00:00:00  -  Run Local Usage
	0  -  Run Bytes Sent By Job
	44616148  -  Run Bytes Received By Job
	Partitionable Resources :    Usage  Request Allocated 
	   Cpus                 :     0.97        1         1 
	   Disk (KB)            : 43587       45000    313937 
	   Memory (MB)          :   237        3072      3072 
...
009 (1205.217.000) 01/12 11:01:27 Job was aborted by the user.
	via condor_rm (by user tikim98)
...
