000 (1205.043.000) 01/12 11:00:40 Job submitted from host: <134.75.123.129:9618?addrs=134.75.123.129-9618&noUDP&sock=11516_98bb_3>
...
001 (1205.043.000) 01/12 11:00:53 Job executing on host: <134.75.123.133:9618?addrs=134.75.123.133-9618&noUDP&sock=12426_c7ea_3>
...
006 (1205.043.000) 01/12 11:01:02 Image size of job updated: 19336
	17  -  MemoryUsage of job (MB)
	16968  -  ResidentSetSize of job (KB)
...
006 (1205.043.000) 01/12 11:01:20 Image size of job updated: 506936
	496  -  MemoryUsage of job (MB)
	506936  -  ResidentSetSize of job (KB)
...
004 (1205.043.000) 01/12 11:01:20 Job was evicted.
	(0) Job was not checkpointed.
		Usr 0 00:00:12, Sys 0 00:00:04  -  Run Remote Usage
		Usr 0 00:00:00, Sys 0 00:00:00  -  Run Local Usage
	0  -  Run Bytes Sent By Job
	44616148  -  Run Bytes Received By Job
	Partitionable Resources :    Usage  Request Allocated 
	   Cpus                 :     0.96        1         1 
	   Disk (KB)            : 43587       45000    313936 
	   Memory (MB)          :   496        3072      3072 
...
009 (1205.043.000) 01/12 11:01:21 Job was aborted by the user.
	via condor_rm (by user tikim98)
...
