000 (1205.076.000) 01/12 11:00:40 Job submitted from host: <134.75.123.129:9618?addrs=134.75.123.129-9618&noUDP&sock=11516_98bb_3>
...
001 (1205.076.000) 01/12 11:00:56 Job executing on host: <134.75.123.136:9618?addrs=134.75.123.136-9618&noUDP&sock=12698_59ad_3>
...
006 (1205.076.000) 01/12 11:01:04 Image size of job updated: 411620
	402  -  MemoryUsage of job (MB)
	411456  -  ResidentSetSize of job (KB)
...
006 (1205.076.000) 01/12 11:01:20 Image size of job updated: 761328
	744  -  MemoryUsage of job (MB)
	761328  -  ResidentSetSize of job (KB)
...
004 (1205.076.000) 01/12 11:01:20 Job was evicted.
	(0) Job was not checkpointed.
		Usr 0 00:00:18, Sys 0 00:00:04  -  Run Remote Usage
		Usr 0 00:00:00, Sys 0 00:00:00  -  Run Local Usage
	0  -  Run Bytes Sent By Job
	44616148  -  Run Bytes Received By Job
	Partitionable Resources :    Usage  Request Allocated 
	   Cpus                 :     0.99        1         1 
	   Disk (KB)            : 43587       45000    313938 
	   Memory (MB)          :   744        3072      3072 
...
009 (1205.076.000) 01/12 11:01:21 Job was aborted by the user.
	via condor_rm (by user tikim98)
...
