000 (1205.096.000) 01/12 11:00:40 Job submitted from host: <134.75.123.129:9618?addrs=134.75.123.129-9618&noUDP&sock=11516_98bb_3>
...
001 (1205.096.000) 01/12 11:00:57 Job executing on host: <134.75.123.136:9618?addrs=134.75.123.136-9618&noUDP&sock=12698_59ad_3>
...
006 (1205.096.000) 01/12 11:01:06 Image size of job updated: 426440
	417  -  MemoryUsage of job (MB)
	426440  -  ResidentSetSize of job (KB)
...
006 (1205.096.000) 01/12 11:01:21 Image size of job updated: 662692
	648  -  MemoryUsage of job (MB)
	662612  -  ResidentSetSize of job (KB)
...
004 (1205.096.000) 01/12 11:01:21 Job was evicted.
	(0) Job was not checkpointed.
		Usr 0 00:00:16, Sys 0 00:00:06  -  Run Remote Usage
		Usr 0 00:00:00, Sys 0 00:00:00  -  Run Local Usage
	0  -  Run Bytes Sent By Job
	44616148  -  Run Bytes Received By Job
	Partitionable Resources :    Usage  Request Allocated 
	   Cpus                 :     0.97        1         1 
	   Disk (KB)            : 43587       45000    313938 
	   Memory (MB)          :   648        3072      3072 
...
009 (1205.096.000) 01/12 11:01:21 Job was aborted by the user.
	via condor_rm (by user tikim98)
...
